<?xml version="1.0" encoding="UTF-8"?>
<!-- Generated by org.testng.reporters.JUnitXMLReporter -->
<testsuite ignored="2" hostname="Pankajs-MacBook-Air.local" failures="0" tests="0" time="0.001" errors="0" timestamp="2025-03-08T16:08:21 IST">
  <testcase classname="org.pankajShukla.FillFormValidation" name="FillForm_PositiveFlow" time="0.0">
    <ignored/>
  </testcase> <!-- FillForm_PositiveFlow -->
  <testcase classname="org.pankajShukla.FillFormValidation" name="FillForm_ErrorValidation" time="0.0">
    <ignored/>
  </testcase> <!-- FillForm_ErrorValidation -->
</testsuite>
