<?xml version="1.0" encoding="UTF-8"?>
<testsuite xmlns:xsi="http://www.w3.org/2001/XMLSchema-instance" xsi:noNamespaceSchemaLocation="https://maven.apache.org/surefire/maven-surefire-plugin/xsd/surefire-test-report-3.0.xsd" version="3.0" name="TestSuite" time="26.05" tests="1" errors="0" skipped="0" failures="0">
  <properties>
[...]
</properties>
  <testcase name="FillForm[{gender=Female, name=Pankaj Shukla, country=Argentina}](1)" classname="org.pankajShukla.EcommerceHybrid" time="19.692">
    <system-out><![CDATA[null
&amp#27;[38;5;112m[Appium]&amp#27;[0m Welcome to Appium v2.16.2 (REV 179d45050be0a71fd57591b0ed8aedf9b177ba10)
&amp#27;[38;5;112m[Appium]&amp#27;[0m The autodetected Appium home path: /Users/pankajshukla/.appium
&amp#27;[38;5;112m[Appium]&amp#27;[0m Attempting to load driver uiautomator2...
&amp#27;[38;5;112m[Appium]&amp#27;[0m Requiring driver at /Users/pankajshukla/.appium/node_modules/appium-uiautomator2-driver/build/index.js
&amp#27;[38;5;112m[Appium]&amp#27;[0m AndroidUiautomator2Driver has been successfully loaded in 0.440s
&amp#27;[38;5;112m[Appium]&amp#27;[0m Appium REST http interface listener started on http://0.0.0.0:4723
&amp#27;[38;5;112m[Appium]&amp#27;[0m You can provide the following URLs in your client code to connect to this server:
	http://127.0.0.1:4723/ (only accessible from the same host)
	http://192.168.0.101:4723/
&amp#27;[38;5;112m[Appium]&amp#27;[0m Available drivers:
&amp#27;[38;5;112m[Appium]&amp#27;[0m   - uiautomator2@4.1.0 (automationName 'UiAutomator2')
&amp#27;[38;5;112m[Appium]&amp#27;[0m No plugins have been installed. Use the "appium plugin" command to install the one(s) you want to use.
&amp#27;[38;5;86m[HTTP]&amp#27;[0m &amp#27;[37m-->&amp#27;[39m &amp#27;[37mGET&amp#27;[39m &amp#27;[37m/status&amp#27;[39m {}
&amp#27;[38;5;137m[AppiumDriver@d02e]&amp#27;[0m Calling AppiumDriver.getStatus() with args: []
&amp#27;[38;5;137m[AppiumDriver@d02e]&amp#27;[0m Responding to client with driver.getStatus() result: {"ready":true,"message":"The server is ready to accept new connections","build":{"version":"2.16.2","git-sha":"179d45050be0a71fd57591b0ed8aedf9b177ba10","built":"2024-08-27 13:44:15 -0700"}}
&amp#27;[38;5;86m[HTTP]&amp#27;[0m <-- GET /status 200 8 ms - 200 
&amp#27;[38;5;86m[HTTP]&amp#27;[0m Request idempotency key: 89fc97de-a3a0-4580-9a7d-30ef537c784d
&amp#27;[38;5;86m[HTTP]&amp#27;[0m &amp#27;[37m-->&amp#27;[39m &amp#27;[37mPOST&amp#27;[39m &amp#27;[37m/session&amp#27;[39m {"capabilities":{"firstMatch":[{"appium:chromedriverExecutable":"/Users/pankajshukla/Resources/Appium/chromedriver","platformName":"ANDROID","appium:automationName":"UIAutomator2","appium:app":"/Users/pankajshukla/eclipse-workspace/AppiumFrameworkDesign/src/test/java/org/pankajShukla/resources/General-Store.apk"}]}}
&amp#27;[38;5;137m[AppiumDriver@d02e]&amp#27;[0m Calling AppiumDriver.createSession() with args: [null,null,{"firstMatch":[{"appium:chromedriverExecutable":"/Users/pankajshukla/Resources/Appium/chromedriver","platformName":"ANDROID","appium:automationName":"UIAutomator2","appium:app":"/Users/pankajshukla/eclipse-workspace/AppiumFrameworkDesign/src/test/java/org/pankajShukla/resources/General-Store.apk"}]}]
&amp#27;[38;5;137m[AppiumDriver@d02e]&amp#27;[0m Event 'newSessionRequested' logged at 1741432976126 (16:52:56 GMT+0530 (India Standard Time))
&amp#27;[38;5;112m[Appium]&amp#27;[0m Attempting to find matching driver for automationName 'UIAutomator2' and platformName 'ANDROID'
&amp#27;[38;5;112m[Appium]&amp#27;[0m The 'uiautomator2' driver was installed and matched caps.
&amp#27;[38;5;112m[Appium]&amp#27;[0m Will require it at /Users/pankajshukla/.appium/node_modules/appium-uiautomator2-driver
&amp#27;[38;5;112m[Appium]&amp#27;[0m Requiring driver at /Users/pankajshukla/.appium/node_modules/appium-uiautomator2-driver/build/index.js
&amp#27;[38;5;137m[AppiumDriver@d02e]&amp#27;[0m Appium v2.16.2 creating new AndroidUiautomator2Driver (v4.1.0) session
&amp#27;[38;5;137m[AppiumDriver@d02e]&amp#27;[0m Checking BaseDriver versions for Appium and AndroidUiautomator2Driver
&amp#27;[38;5;137m[AppiumDriver@d02e]&amp#27;[0m Appium's BaseDriver version is 9.16.2
&amp#27;[38;5;137m[AppiumDriver@d02e]&amp#27;[0m AndroidUiautomator2Driver's BaseDriver version is 9.16.2
&amp#27;[38;5;7m[AndroidUiautomator2Driver@8c9f]&amp#27;[0m 
&amp#27;[38;5;7m[AndroidUiautomator2Driver@8c9f]&amp#27;[0m Creating session with W3C capabilities: {
  "alwaysMatch": {
    "platformName": "ANDROID",
    "appium:chromedriverExecutable": "/Users/pankajshukla/Resources/Appium/chromedriver",
    "appium:automationName": "UIAutomator2",
    "appium:app": "/Users/pankajshukla/eclipse-workspace/AppiumFrameworkDesign/src/test/java/org/pankajShukla/resources/General-Store.apk"
  },
  "firstMatch": [
    {}
  ]
}
&amp#27;[38;5;133m[c458da4b]&amp#27;[0m&amp#27;[38;5;7m[AndroidUiautomator2Driver@8c9f]&amp#27;[0m Session created with session id: c458da4b-f9dd-421c-9d7d-954b962286de
&amp#27;[38;5;133m[c458da4b]&amp#27;[0m&amp#27;[38;5;229m[ADB]&amp#27;[0m Found 2 'build-tools' folders under '/Users/pankajshukla/Library/Android/sdk' (newest first):
&amp#27;[38;5;133m[c458da4b]&amp#27;[0m&amp#27;[38;5;229m[ADB]&amp#27;[0m     /Users/pankajshukla/Library/Android/sdk/build-tools/35.0.1
&amp#27;[38;5;133m[c458da4b]&amp#27;[0m&amp#27;[38;5;229m[ADB]&amp#27;[0m     /Users/pankajshukla/Library/Android/sdk/build-tools/35.0.0
&amp#27;[38;5;133m[c458da4b]&amp#27;[0m&amp#27;[38;5;229m[ADB]&amp#27;[0m Using 'adb' from '/Users/pankajshukla/Library/Android/sdk/platform-tools/adb'
&amp#27;[38;5;133m[c458da4b]&amp#27;[0m&amp#27;[38;5;229m[ADB]&amp#27;[0m Running '/Users/pankajshukla/Library/Android/sdk/platform-tools/adb -P 5037 start-server'
&amp#27;[38;5;133m[c458da4b]&amp#27;[0m&amp#27;[38;5;7m[AndroidUiautomator2Driver@8c9f]&amp#27;[0m Retrieving device list
&amp#27;[38;5;133m[c458da4b]&amp#27;[0m&amp#27;[38;5;229m[ADB]&amp#27;[0m Trying to find connected Android devices
&amp#27;[38;5;133m[c458da4b]&amp#27;[0m&amp#27;[38;5;229m[ADB]&amp#27;[0m Getting connected devices
&amp#27;[38;5;133m[c458da4b]&amp#27;[0m&amp#27;[38;5;229m[ADB]&amp#27;[0m Connected devices: [{"udid":"emulator-5554","state":"device"}]
&amp#27;[38;5;133m[c458da4b]&amp#27;[0m&amp#27;[38;5;7m[AndroidUiautomator2Driver@8c9f]&amp#27;[0m Using device: emulator-5554
&amp#27;[38;5;133m[c458da4b]&amp#27;[0m&amp#27;[38;5;229m[ADB]&amp#27;[0m Using 'adb' from '/Users/pankajshukla/Library/Android/sdk/platform-tools/adb'
&amp#27;[38;5;133m[c458da4b]&amp#27;[0m&amp#27;[38;5;229m[ADB]&amp#27;[0m Running '/Users/pankajshukla/Library/Android/sdk/platform-tools/adb -P 5037 start-server'
&amp#27;[38;5;133m[c458da4b]&amp#27;[0m&amp#27;[38;5;229m[ADB]&amp#27;[0m Setting device id to emulator-5554
&amp#27;[38;5;133m[c458da4b]&amp#27;[0m&amp#27;[38;5;123m[BaseDriver]&amp#27;[0m Using local app '/Users/pankajshukla/eclipse-workspace/AppiumFrameworkDesign/src/test/java/org/pankajShukla/resources/General-Store.apk'
&amp#27;[38;5;133m[c458da4b]&amp#27;[0m&amp#27;[38;5;7m[AndroidUiautomator2Driver@8c9f]&amp#27;[0m Checking whether app is actually present
&amp#27;[38;5;133m[c458da4b]&amp#27;[0m&amp#27;[38;5;229m[ADB]&amp#27;[0m Running '/Users/pankajshukla/Library/Android/sdk/platform-tools/adb -P 5037 -s emulator-5554 shell getprop ro.build.version.sdk'
&amp#27;[38;5;133m[c458da4b]&amp#27;[0m&amp#27;[38;5;229m[ADB]&amp#27;[0m Current device property 'ro.build.version.sdk': 35
&amp#27;[38;5;133m[c458da4b]&amp#27;[0m&amp#27;[38;5;229m[ADB]&amp#27;[0m Getting device platform version
&amp#27;[38;5;133m[c458da4b]&amp#27;[0m&amp#27;[38;5;229m[ADB]&amp#27;[0m Running '/Users/pankajshukla/Library/Android/sdk/platform-tools/adb -P 5037 -s emulator-5554 shell getprop ro.build.version.release'
&amp#27;[38;5;133m[c458da4b]&amp#27;[0m&amp#27;[38;5;229m[ADB]&amp#27;[0m Current device property 'ro.build.version.release': 15
&amp#27;[38;5;133m[c458da4b]&amp#27;[0m&amp#27;[38;5;229m[ADB]&amp#27;[0m Device API level: 35
&amp#27;[38;5;133m[c458da4b]&amp#27;[0m&amp#27;[38;5;7m[AndroidUiautomator2Driver@8c9f]&amp#27;[0m Relaxing hidden api policy
&amp#27;[38;5;133m[c458da4b]&amp#27;[0m&amp#27;[38;5;229m[ADB]&amp#27;[0m Running '/Users/pankajshukla/Library/Android/sdk/platform-tools/adb -P 5037 -s emulator-5554 shell 'settings put global hidden_api_policy_pre_p_apps 1;settings put global hidden_api_policy_p_apps 1;settings put global hidden_api_policy 1''
&amp#27;[38;5;133m[c458da4b]&amp#27;[0m&amp#27;[38;5;7m[AndroidUiautomator2Driver@8c9f]&amp#27;[0m Parsing package and activity from the 'General-Store.apk' file manifest
&amp#27;[38;5;133m[c458da4b]&amp#27;[0m&amp#27;[38;5;229m[ADB]&amp#27;[0m Running '/Users/pankajshukla/Library/Android/sdk/platform-tools/adb -P 5037 -s emulator-5554 wait-for-device'
&amp#27;[38;5;133m[c458da4b]&amp#27;[0m&amp#27;[38;5;229m[ADB]&amp#27;[0m Using 'aapt2' from '/Users/pankajshukla/Library/Android/sdk/build-tools/35.0.1/aapt2'
&amp#27;[38;5;133m[c458da4b]&amp#27;[0m&amp#27;[38;5;229m[ADB]&amp#27;[0m Reading package manifest: '/Users/pankajshukla/Library/Android/sdk/build-tools/35.0.1/aapt2 dump badging /Users/pankajshukla/eclipse-workspace/AppiumFrameworkDesign/src/test/java/org/pankajShukla/resources/General-Store.apk'
&amp#27;[38;5;133m[c458da4b]&amp#27;[0m&amp#27;[38;5;229m[ADB]&amp#27;[0m Running '/Users/pankajshukla/Library/Android/sdk/platform-tools/adb -P 5037 -s emulator-5554 shell echo ping'
&amp#27;[38;5;133m[c458da4b]&amp#27;[0m&amp#27;[38;5;7m[AndroidUiautomator2Driver@8c9f]&amp#27;[0m Pushing settings apk to the device...
&amp#27;[38;5;133m[c458da4b]&amp#27;[0m&amp#27;[38;5;229m[ADB]&amp#27;[0m Getting package info for 'io.appium.settings'
&amp#27;[38;5;133m[c458da4b]&amp#27;[0m&amp#27;[38;5;229m[ADB]&amp#27;[0m Running '/Users/pankajshukla/Library/Android/sdk/platform-tools/adb -P 5037 -s emulator-5554 shell dumpsys package io.appium.settings'
&amp#27;[38;5;133m[c458da4b]&amp#27;[0m&amp#27;[38;5;229m[ADB]&amp#27;[0m Package name: 'com.androidsample.generalstore'
&amp#27;[38;5;133m[c458da4b]&amp#27;[0m&amp#27;[38;5;229m[ADB]&amp#27;[0m Main activity name: 'com.androidsample.generalstore.SplashActivity'
&amp#27;[38;5;133m[c458da4b]&amp#27;[0m&amp#27;[38;5;7m[AndroidUiautomator2Driver@8c9f]&amp#27;[0m Resolved launch package -> activity: com.androidsample.generalstore -> com.androidsample.generalstore.SplashActivity
&amp#27;[38;5;133m[c458da4b]&amp#27;[0m&amp#27;[38;5;7m[AndroidUiautomator2Driver@8c9f]&amp#27;[0m Resolved wait package -> activity: com.androidsample.generalstore -> com.androidsample.generalstore.SplashActivity
&amp#27;[38;5;133m[c458da4b]&amp#27;[0m&amp#27;[38;5;229m[ADB]&amp#27;[0m Reading package manifest: '/Users/pankajshukla/Library/Android/sdk/build-tools/35.0.1/aapt2 dump badging /Users/pankajshukla/.appium/node_modules/appium-uiautomator2-driver/node_modules/io.appium.settings/apks/settings_apk-debug.apk'
&amp#27;[38;5;133m[c458da4b]&amp#27;[0m&amp#27;[38;5;229m[ADB]&amp#27;[0m The version name of the installed 'io.appium.settings' is greater or equal to the application version name ('5.14.1' >= '5.14.1')
&amp#27;[38;5;133m[c458da4b]&amp#27;[0m&amp#27;[38;5;229m[ADB]&amp#27;[0m There is no need to install/upgrade '/Users/pankajshukla/.appium/node_modules/appium-uiautomator2-driver/node_modules/io.appium.settings/apks/settings_apk-debug.apk'
&amp#27;[38;5;133m[c458da4b]&amp#27;[0m&amp#27;[38;5;229m[ADB]&amp#27;[0m Running '/Users/pankajshukla/Library/Android/sdk/platform-tools/adb -P 5037 -s emulator-5554 shell dumpsys activity services io.appium.settings'
&amp#27;[38;5;133m[c458da4b]&amp#27;[0m&amp#27;[38;5;7m[AndroidUiautomator2Driver@8c9f]&amp#27;[0m io.appium.settings is already running. There is no need to reset its permissions.
&amp#27;[38;5;133m[c458da4b]&amp#27;[0m&amp#27;[38;5;160m[Logcat]&amp#27;[0m Starting logs capture with command: /Users/pankajshukla/Library/Android/sdk/platform-tools/adb -P 5037 -s emulator-5554 logcat -v threadtime
&amp#27;[38;5;133m[c458da4b]&amp#27;[0m&amp#27;[38;5;7m[AndroidUiautomator2Driver@8c9f]&amp#27;[0m Forwarding UiAutomator2 Server port 6790 to local port 8200
&amp#27;[38;5;133m[c458da4b]&amp#27;[0m&amp#27;[38;5;229m[ADB]&amp#27;[0m Forwarding system: 8200 to device: 6790
&amp#27;[38;5;133m[c458da4b]&amp#27;[0m&amp#27;[38;5;229m[ADB]&amp#27;[0m Running '/Users/pankajshukla/Library/Android/sdk/platform-tools/adb -P 5037 -s emulator-5554 forward tcp:8200 tcp:6790'
&amp#27;[38;5;133m[c458da4b]&amp#27;[0m&amp#27;[38;5;229m[ADB]&amp#27;[0m Getting package info for 'io.appium.uiautomator2.server'
&amp#27;[38;5;133m[c458da4b]&amp#27;[0m&amp#27;[38;5;229m[ADB]&amp#27;[0m Running '/Users/pankajshukla/Library/Android/sdk/platform-tools/adb -P 5037 -s emulator-5554 shell dumpsys package io.appium.uiautomator2.server'
&amp#27;[38;5;133m[c458da4b]&amp#27;[0m&amp#27;[38;5;229m[ADB]&amp#27;[0m Getting install status for io.appium.uiautomator2.server.test
&amp#27;[38;5;133m[c458da4b]&amp#27;[0m&amp#27;[38;5;229m[ADB]&amp#27;[0m Checking app cert for /Users/pankajshukla/eclipse-workspace/AppiumFrameworkDesign/src/test/java/org/pankajShukla/resources/General-Store.apk
&amp#27;[38;5;133m[c458da4b]&amp#27;[0m&amp#27;[38;5;229m[ADB]&amp#27;[0m Running '/Users/pankajshukla/Library/Android/sdk/platform-tools/adb -P 5037 -s emulator-5554 shell cmd package list packages'
&amp#27;[38;5;133m[c458da4b]&amp#27;[0m&amp#27;[38;5;229m[ADB]&amp#27;[0m Using 'apksigner.jar' from '/Users/pankajshukla/Library/Android/sdk/build-tools/35.0.1/lib/apksigner.jar'
&amp#27;[38;5;133m[c458da4b]&amp#27;[0m&amp#27;[38;5;229m[ADB]&amp#27;[0m Starting apksigner: /Library/Java/JavaVirtualMachines/jdk-21.jdk/Contents/Home/bin/java -Xmx1024M -Xss1m -jar /Users/pankajshukla/Library/Android/sdk/build-tools/35.0.1/lib/apksigner.jar verify --print-certs /Users/pankajshukla/eclipse-workspace/AppiumFrameworkDesign/src/test/java/org/pankajShukla/resources/General-Store.apk
&amp#27;[38;5;133m[c458da4b]&amp#27;[0m&amp#27;[38;5;229m[ADB]&amp#27;[0m 'io.appium.uiautomator2.server.test' is installed
&amp#27;[38;5;133m[c458da4b]&amp#27;[0m&amp#27;[38;5;229m[ADB]&amp#27;[0m Reading package manifest: '/Users/pankajshukla/Library/Android/sdk/build-tools/35.0.1/aapt2 dump badging /Users/pankajshukla/.appium/node_modules/appium-uiautomator2-driver/node_modules/appium-uiautomator2-server/apks/appium-uiautomator2-server-v7.2.3.apk'
&amp#27;[38;5;133m[c458da4b]&amp#27;[0m&amp#27;[38;5;229m[ADB]&amp#27;[0m The version name of the installed 'io.appium.uiautomator2.server' is greater or equal to the application version name ('7.2.3' >= '7.2.3')
&amp#27;[38;5;133m[c458da4b]&amp#27;[0m&amp#27;[38;5;7m[AndroidUiautomator2Driver@8c9f]&amp#27;[0m Server packages status: [{"installState":"sameVersionInstalled","appPath":"/Users/pankajshukla/.appium/node_modules/appium-uiautomator2-driver/node_modules/appium-uiautomator2-server/apks/appium-uiautomator2-server-v7.2.3.apk","appId":"io.appium.uiautomator2.server"},{"installState":"sameVersionInstalled","appPath":"/Users/pankajshukla/.appium/node_modules/appium-uiautomator2-driver/node_modules/appium-uiautomator2-server/apks/appium-uiautomator2-server-debug-androidTest.apk","appId":"io.appium.uiautomator2.server.test"}]
&amp#27;[38;5;133m[c458da4b]&amp#27;[0m&amp#27;[38;5;7m[AndroidUiautomator2Driver@8c9f]&amp#27;[0m Server packages are not going to be (re)installed
&amp#27;[38;5;133m[c458da4b]&amp#27;[0m&amp#27;[38;5;7m[AndroidUiautomator2Driver@8c9f]&amp#27;[0m Waiting up to 30000ms for services to be available
&amp#27;[38;5;133m[c458da4b]&amp#27;[0m&amp#27;[38;5;229m[ADB]&amp#27;[0m Running '/Users/pankajshukla/Library/Android/sdk/platform-tools/adb -P 5037 -s emulator-5554 shell pm list instrumentation'
&amp#27;[38;5;133m[c458da4b]&amp#27;[0m&amp#27;[38;5;7m[AndroidUiautomator2Driver@8c9f]&amp#27;[0m Instrumentation target 'io.appium.uiautomator2.server.test/androidx.test.runner.AndroidJUnitRunner' is available
&amp#27;[38;5;133m[c458da4b]&amp#27;[0m&amp#27;[38;5;229m[ADB]&amp#27;[0m Adding packages ["io.appium.settings","io.appium.uiautomator2.server","io.appium.uiautomator2.server.test"] to Doze whitelist
&amp#27;[38;5;133m[c458da4b]&amp#27;[0m&amp#27;[38;5;229m[ADB]&amp#27;[0m Got the following command chunks to execute: [["dumpsys","deviceidle","whitelist","+io.appium.settings",";","dumpsys","deviceidle","whitelist","+io.appium.uiautomator2.server",";","dumpsys","deviceidle","whitelist","+io.appium.uiautomator2.server.test",";"]]
&amp#27;[38;5;133m[c458da4b]&amp#27;[0m&amp#27;[38;5;229m[ADB]&amp#27;[0m Running '/Users/pankajshukla/Library/Android/sdk/platform-tools/adb -P 5037 -s emulator-5554 shell dumpsys deviceidle whitelist +io.appium.settings ; dumpsys deviceidle whitelist +io.appium.uiautomator2.server ; dumpsys deviceidle whitelist +io.appium.uiautomator2.server.test ;'
&amp#27;[38;5;133m[c458da4b]&amp#27;[0m&amp#27;[38;5;229m[ADB]&amp#27;[0m apksigner stdout: Signer #1 certificate DN: C=US, O=Android, CN=Android Debug
Signer #1 certificate SHA-256 digest: f5f5931c019be6bff8a26255f76ae9ef8a8e631d2a702ec10e91110231549eef
Signer #1 certificate SHA-1 digest: b250161db8b5d0a1bd39154c9fd749bdad79c1a3
Signer #1 certificate MD5 digest: 7a5550323d84472ca25a0861c63e0a6c

&amp#27;[38;5;133m[c458da4b]&amp#27;[0m&amp#27;[38;5;229m[ADB]&amp#27;[0m '/Users/pankajshukla/eclipse-workspace/AppiumFrameworkDesign/src/test/java/org/pankajShukla/resources/General-Store.apk' is signed with a non-default certificate
&amp#27;[38;5;133m[c458da4b]&amp#27;[0m&amp#27;[38;5;229m[ADB]&amp#27;[0m Getting package info for 'com.androidsample.generalstore'
&amp#27;[38;5;133m[c458da4b]&amp#27;[0m&amp#27;[38;5;229m[ADB]&amp#27;[0m Running '/Users/pankajshukla/Library/Android/sdk/platform-tools/adb -P 5037 -s emulator-5554 shell dumpsys package com.androidsample.generalstore'
&amp#27;[38;5;133m[c458da4b]&amp#27;[0m&amp#27;[38;5;229m[ADB]&amp#27;[0m Reading package manifest: '/Users/pankajshukla/Library/Android/sdk/build-tools/35.0.1/aapt2 dump badging /Users/pankajshukla/eclipse-workspace/AppiumFrameworkDesign/src/test/java/org/pankajShukla/resources/General-Store.apk'
&amp#27;[38;5;133m[c458da4b]&amp#27;[0m&amp#27;[38;5;229m[ADB]&amp#27;[0m The version name of the installed 'com.androidsample.generalstore' is greater or equal to the application version name ('1.0.0' >= '1.0.0')
&amp#27;[38;5;133m[c458da4b]&amp#27;[0m&amp#27;[38;5;229m[ADB]&amp#27;[0m There is no need to install/upgrade '/Users/pankajshukla/eclipse-workspace/AppiumFrameworkDesign/src/test/java/org/pankajShukla/resources/General-Store.apk'
&amp#27;[38;5;133m[c458da4b]&amp#27;[0m&amp#27;[38;5;7m[AndroidUiautomator2Driver@8c9f]&amp#27;[0m Performing fast reset on 'com.androidsample.generalstore'
&amp#27;[38;5;133m[c458da4b]&amp#27;[0m&amp#27;[38;5;229m[ADB]&amp#27;[0m Getting install status for com.androidsample.generalstore
&amp#27;[38;5;133m[c458da4b]&amp#27;[0m&amp#27;[38;5;229m[ADB]&amp#27;[0m Running '/Users/pankajshukla/Library/Android/sdk/platform-tools/adb -P 5037 -s emulator-5554 shell cmd package list packages'
&amp#27;[38;5;133m[c458da4b]&amp#27;[0m&amp#27;[38;5;229m[ADB]&amp#27;[0m 'com.androidsample.generalstore' is installed
&amp#27;[38;5;133m[c458da4b]&amp#27;[0m&amp#27;[38;5;229m[ADB]&amp#27;[0m Running '/Users/pankajshukla/Library/Android/sdk/platform-tools/adb -P 5037 -s emulator-5554 shell am force-stop com.androidsample.generalstore'
&amp#27;[38;5;133m[c458da4b]&amp#27;[0m&amp#27;[38;5;229m[ADB]&amp#27;[0m Running '/Users/pankajshukla/Library/Android/sdk/platform-tools/adb -P 5037 -s emulator-5554 shell pm clear com.androidsample.generalstore'
&amp#27;[38;5;133m[c458da4b]&amp#27;[0m&amp#27;[38;5;7m[AndroidUiautomator2Driver@8c9f]&amp#27;[0m Performed fast reset on the installed 'com.androidsample.generalstore' application (stop and clear)
&amp#27;[38;5;133m[c458da4b]&amp#27;[0m&amp#27;[38;5;7m[AndroidUiautomator2Driver@8c9f]&amp#27;[0m Performing shallow cleanup of automation leftovers
&amp#27;[38;5;133m[c458da4b]&amp#27;[0m&amp#27;[38;5;7m[AndroidUiautomator2Driver@8c9f]&amp#27;[0m No obsolete sessions have been detected (socket hang up)
&amp#27;[38;5;133m[c458da4b]&amp#27;[0m&amp#27;[38;5;229m[ADB]&amp#27;[0m Running '/Users/pankajshukla/Library/Android/sdk/platform-tools/adb -P 5037 -s emulator-5554 shell am force-stop io.appium.uiautomator2.server'
&amp#27;[38;5;133m[c458da4b]&amp#27;[0m&amp#27;[38;5;229m[ADB]&amp#27;[0m Running '/Users/pankajshukla/Library/Android/sdk/platform-tools/adb -P 5037 -s emulator-5554 shell am force-stop io.appium.uiautomator2.server.test'
&amp#27;[38;5;133m[c458da4b]&amp#27;[0m&amp#27;[38;5;7m[AndroidUiautomator2Driver@8c9f]&amp#27;[0m Starting UIAutomator2 server 7.2.3
&amp#27;[38;5;133m[c458da4b]&amp#27;[0m&amp#27;[38;5;7m[AndroidUiautomator2Driver@8c9f]&amp#27;[0m Using UIAutomator2 server from '/Users/pankajshukla/.appium/node_modules/appium-uiautomator2-driver/node_modules/appium-uiautomator2-server/apks/appium-uiautomator2-server-v7.2.3.apk' and test from '/Users/pankajshukla/.appium/node_modules/appium-uiautomator2-driver/node_modules/appium-uiautomator2-server/apks/appium-uiautomator2-server-debug-androidTest.apk'
&amp#27;[38;5;133m[c458da4b]&amp#27;[0m&amp#27;[38;5;7m[AndroidUiautomator2Driver@8c9f]&amp#27;[0m Waiting up to 30000ms for UiAutomator2 to be online...
&amp#27;[38;5;133m[c458da4b]&amp#27;[0m&amp#27;[38;5;229m[ADB]&amp#27;[0m Creating ADB subprocess with args: ["-P","5037","-s","emulator-5554","shell","am","instrument","-w","-e","disableAnalytics","true","io.appium.uiautomator2.server.test/androidx.test.runner.AndroidJUnitRunner"]
&amp#27;[38;5;133m[c458da4b]&amp#27;[0m&amp#27;[38;5;7m[AndroidUiautomator2Driver@8c9f]&amp#27;[0m Matched '/status' to command name 'getStatus'
&amp#27;[38;5;133m[c458da4b]&amp#27;[0m&amp#27;[38;5;7m[AndroidUiautomator2Driver@8c9f]&amp#27;[0m Proxying [GET /status] to [GET http://127.0.0.1:8200/status] with no body
&amp#27;[38;5;133m[c458da4b]&amp#27;[0m&amp#27;[38;5;7m[AndroidUiautomator2Driver@8c9f]&amp#27;[0m socket hang up
&amp#27;[38;5;133m[c458da4b]&amp#27;[0m&amp#27;[38;5;7m[AndroidUiautomator2Driver@8c9f]&amp#27;[0m [Instrumentation] 
&amp#27;[38;5;133m[c458da4b]&amp#27;[0m&amp#27;[38;5;7m[AndroidUiautomator2Driver@8c9f]&amp#27;[0m Matched '/status' to command name 'getStatus'
&amp#27;[38;5;133m[c458da4b]&amp#27;[0m&amp#27;[38;5;7m[AndroidUiautomator2Driver@8c9f]&amp#27;[0m Proxying [GET /status] to [GET http://127.0.0.1:8200/status] with no body
&amp#27;[38;5;133m[c458da4b]&amp#27;[0m&amp#27;[38;5;7m[AndroidUiautomator2Driver@8c9f]&amp#27;[0m socket hang up
&amp#27;[38;5;133m[c458da4b]&amp#27;[0m&amp#27;[38;5;7m[AndroidUiautomator2Driver@8c9f]&amp#27;[0m Matched '/status' to command name 'getStatus'
&amp#27;[38;5;133m[c458da4b]&amp#27;[0m&amp#27;[38;5;7m[AndroidUiautomator2Driver@8c9f]&amp#27;[0m Proxying [GET /status] to [GET http://127.0.0.1:8200/status] with no body
&amp#27;[38;5;133m[c458da4b]&amp#27;[0m&amp#27;[38;5;7m[AndroidUiautomator2Driver@8c9f]&amp#27;[0m Got response with status 200: {"sessionId":"None","value":{"message":"UiAutomator2 Server is ready to accept commands","ready":true}}
&amp#27;[38;5;133m[c458da4b]&amp#27;[0m&amp#27;[38;5;7m[AndroidUiautomator2Driver@8c9f]&amp#27;[0m The initialization of the instrumentation process took 2103ms
&amp#27;[38;5;133m[c458da4b]&amp#27;[0m&amp#27;[38;5;7m[AndroidUiautomator2Driver@8c9f]&amp#27;[0m Matched '/session' to command name 'createSession'
&amp#27;[38;5;133m[c458da4b]&amp#27;[0m&amp#27;[38;5;7m[AndroidUiautomator2Driver@8c9f]&amp#27;[0m Proxying [POST /session] to [POST http://127.0.0.1:8200/session] with body: {"capabilities":{"firstMatch":[{"platformName":"ANDROID","chromedriverExecutable":"/Users/pankajshukla/Resources/Appium/chromedriver","automationName":"UIAutomator2","app":"/Users/pankajshukla/eclipse-workspace/AppiumFrameworkDesign/src/test/java/org/pankajShukla/resources/General-Store.apk","platform":"LINUX","webStorageEnabled":false,"takesScreenshot":true,"javascriptEnabled":true,"databaseEnabled":false,"networkConnectionEnabled":true,"locationContextEnabled":false,"warnings":{},"desired":{"platformName":"ANDROID","chromedriverExecutable":"/Users/pankajshukla/Resources/Appium/chromedriver","automationName":"UIAutomator2","app":"/Users/pankajshukla/eclipse-workspace/AppiumFrameworkDesign/src/test/java/org/pankajShukla/resources/General-Store.apk"},"deviceName":"emulator-5554","deviceUDID":"emulator-5554","appPackage":"com.androidsample.generalstore","appActivity":"com.androidsample.generalstore.SplashActivity"}],"alwaysMatch":{}}}
&amp#27;[38;5;133m[c458da4b]&amp#27;[0m&amp#27;[38;5;7m[AndroidUiautomator2Driver@8c9f]&amp#27;[0m Got response with status 200: {"sessionId":"6a8d0aaf-bded-4eb1-841c-897e03ad58b5","value":{"capabilities":{"firstMatch":[{"platformName":"ANDROID","chromedriverExecutable":"/Users/pankajshukla/Resources/Appium/chromedriver","automationName":"UIAutomator2","app":"/Users/pankajshukla/eclipse-workspace/AppiumFrameworkDesign/src/test/java/org/pankajShukla/resources/General-Store.apk","platform":"LINUX","webStorageEnabled":false,"takesScreenshot":true,"javascriptEnabled":true,"databaseEnabled":false,"networkConnectionEnabled":true,"locationContextEnabled":false,"warnings":{},"desired":{"platformName":"ANDROID","chromedriverExecutable":"/Users/pankajshukla/Resources/Appium/chromedriver","automationName":"UIAutomator2","app":"/Users/pankajshukla/eclipse-workspace/AppiumFrameworkDesign/src/test/java/org/pankajShukla/resources/General-Store.apk"},"deviceName":"emulator-5554","deviceUDID":"emulator-5554","appPackage":"com.androidsample.generalstore","appActivity":"com.androidsample.generalstore.SplashActivity"}],"alwaysMatch":{}},"sessionId":"6a...
&amp#27;[38;5;133m[c458da4b]&amp#27;[0m&amp#27;[38;5;7m[AndroidUiautomator2Driver@8c9f]&amp#27;[0m Determined the downstream protocol as 'W3C'
&amp#27;[38;5;133m[c458da4b]&amp#27;[0m&amp#27;[38;5;7m[AndroidUiautomator2Driver@8c9f]&amp#27;[0m Proxying [GET /appium/device/pixel_ratio] to [GET http://127.0.0.1:8200/session/6a8d0aaf-bded-4eb1-841c-897e03ad58b5/appium/device/pixel_ratio] with no body
&amp#27;[38;5;133m[c458da4b]&amp#27;[0m&amp#27;[38;5;7m[AndroidUiautomator2Driver@8c9f]&amp#27;[0m Matched '/appium/device/system_bars' to command name 'getSystemBars'
&amp#27;[38;5;133m[c458da4b]&amp#27;[0m&amp#27;[38;5;7m[AndroidUiautomator2Driver@8c9f]&amp#27;[0m Proxying [GET /appium/device/system_bars] to [GET http://127.0.0.1:8200/session/6a8d0aaf-bded-4eb1-841c-897e03ad58b5/appium/device/system_bars] with no body
&amp#27;[38;5;133m[c458da4b]&amp#27;[0m&amp#27;[38;5;7m[AndroidUiautomator2Driver@8c9f]&amp#27;[0m Matched '/window/current/size' to command name 'getWindowSize'
&amp#27;[38;5;133m[c458da4b]&amp#27;[0m&amp#27;[38;5;7m[AndroidUiautomator2Driver@8c9f]&amp#27;[0m Proxying [GET /window/current/size] to [GET http://127.0.0.1:8200/session/6a8d0aaf-bded-4eb1-841c-897e03ad58b5/window/current/size] with no body
&amp#27;[38;5;133m[c458da4b]&amp#27;[0m&amp#27;[38;5;7m[AndroidUiautomator2Driver@8c9f]&amp#27;[0m Proxying [GET /appium/device/info] to [GET http://127.0.0.1:8200/session/6a8d0aaf-bded-4eb1-841c-897e03ad58b5/appium/device/info] with no body
&amp#27;[38;5;133m[c458da4b]&amp#27;[0m&amp#27;[38;5;229m[ADB]&amp#27;[0m Running '/Users/pankajshukla/Library/Android/sdk/platform-tools/adb -P 5037 -s emulator-5554 shell dumpsys window'
&amp#27;[38;5;133m[c458da4b]&amp#27;[0m&amp#27;[38;5;229m[ADB]&amp#27;[0m Running '/Users/pankajshukla/Library/Android/sdk/platform-tools/adb -P 5037 -s emulator-5554 shell dumpsys power'
&amp#27;[38;5;133m[c458da4b]&amp#27;[0m&amp#27;[38;5;7m[AndroidUiautomator2Driver@8c9f]&amp#27;[0m Got response with status 200: {"sessionId":"6a8d0aaf-bded-4eb1-841c-897e03ad58b5","value":2.75}
&amp#27;[38;5;133m[c458da4b]&amp#27;[0m&amp#27;[38;5;7m[AndroidUiautomator2Driver@8c9f]&amp#27;[0m Got response with status 200: {"sessionId":"6a8d0aaf-bded-4eb1-841c-897e03ad58b5","value":{"statusBar":66}}
&amp#27;[38;5;133m[c458da4b]&amp#27;[0m&amp#27;[38;5;7m[AndroidUiautomator2Driver@8c9f]&amp#27;[0m Got response with status 200: {"sessionId":"6a8d0aaf-bded-4eb1-841c-897e03ad58b5","value":{"height":2220,"width":1080}}
&amp#27;[38;5;133m[c458da4b]&amp#27;[0m&amp#27;[38;5;7m[AndroidUiautomator2Driver@8c9f]&amp#27;[0m Got response with status 200: {"sessionId":"6a8d0aaf-bded-4eb1-841c-897e03ad58b5","value":{"androidId":"21918cf905a0095e","apiVersion":"35","bluetooth":{"state":"ON"},"brand":"google","carrierName":"T-Mobile","displayDensity":440,"locale":"en_US","manufacturer":"Google","model":"sdk_gphone64_arm64","networks":[{"capabilities":{"SSID":null,"linkDownBandwidthKbps":4300,"linkUpstreamBandwidthKbps":1800,"networkCapabilities":"NET_CAPABILITY_MMS,NET_CAPABILITY_SUPL,NET_CAPABILITY_IA,NET_CAPABILITY_XCAP,NET_CAPABILITY_INTERNET,NET_CAPABILITY_NOT_RESTRICTED,NET_CAPABILITY_TRUSTED,NET_CAPABILITY_NOT_VPN,NET_CAPABILITY_VALIDATED,NET_CAPABILITY_NOT_ROAMING,NET_CAPABILITY_NOT_CONGESTED,NET_CAPABILITY_NOT_SUSPENDED","signalStrength":-2147483648,"transportTypes":"TRANSPORT_CELLULAR"},"detailedState":"CONNECTED","extraInfo":"fast.t-mobile.com","isAvailable":true,"isConnected":true,"isFailover":false,"isRoaming":false,"state":"CONNECTED","subtype":10,"subtypeName":"HSPA","type":0,"typeName":"MOBILE"},{"capabilities":{"SSID":null,"linkDownBandwidthKbp...
&amp#27;[38;5;133m[c458da4b]&amp#27;[0m&amp#27;[38;5;7m[AndroidUiautomator2Driver@8c9f]&amp#27;[0m Screen already unlocked, doing nothing
&amp#27;[38;5;133m[c458da4b]&amp#27;[0m&amp#27;[38;5;7m[AndroidUiautomator2Driver@8c9f]&amp#27;[0m Starting 'com.androidsample.generalstore/com.androidsample.generalstore.SplashActivity' and waiting for 'com.androidsample.generalstore/com.androidsample.generalstore.SplashActivity'
&amp#27;[38;5;133m[c458da4b]&amp#27;[0m&amp#27;[38;5;229m[ADB]&amp#27;[0m Running '/Users/pankajshukla/Library/Android/sdk/platform-tools/adb -P 5037 -s emulator-5554 shell am start-activity -W -n com.androidsample.generalstore/com.androidsample.generalstore.SplashActivity -S -a android.intent.action.MAIN -c android.intent.category.LAUNCHER -f 0x10200000'
&amp#27;[38;5;133m[c458da4b]&amp#27;[0m&amp#27;[38;5;229m[ADB]&amp#27;[0m Expected package names to be focused within 20000ms: 'com.androidsample.generalstore'
&amp#27;[38;5;133m[c458da4b]&amp#27;[0m&amp#27;[38;5;229m[ADB]&amp#27;[0m Expected activity name patterns to be focused within 20000ms: '/^com\.androidsample\.generalstore\.SplashActivity$/'
&amp#27;[38;5;133m[c458da4b]&amp#27;[0m&amp#27;[38;5;229m[ADB]&amp#27;[0m Getting focused package and activity
&amp#27;[38;5;133m[c458da4b]&amp#27;[0m&amp#27;[38;5;229m[ADB]&amp#27;[0m Running '/Users/pankajshukla/Library/Android/sdk/platform-tools/adb -P 5037 -s emulator-5554 shell dumpsys window displays'
&amp#27;[38;5;133m[c458da4b]&amp#27;[0m&amp#27;[38;5;229m[ADB]&amp#27;[0m Focused package: com.androidsample.generalstore
&amp#27;[38;5;133m[c458da4b]&amp#27;[0m&amp#27;[38;5;229m[ADB]&amp#27;[0m Focused fully qualified activity name: com.androidsample.generalstore.SplashActivity
&amp#27;[38;5;133m[c458da4b]&amp#27;[0m&amp#27;[38;5;137m[AppiumDriver@d02e]&amp#27;[0m New AndroidUiautomator2Driver session created successfully, session c458da4b-f9dd-421c-9d7d-954b962286de added to master session list
&amp#27;[38;5;133m[c458da4b]&amp#27;[0m&amp#27;[38;5;137m[AppiumDriver@d02e]&amp#27;[0m Event 'newSessionStarted' logged at 1741432979796 (16:52:59 GMT+0530 (India Standard Time))
&amp#27;[38;5;133m[c458da4b]&amp#27;[0m&amp#27;[38;5;7m[AndroidUiautomator2Driver@8c9f]&amp#27;[0m Cached the protocol value 'W3C' for the new session c458da4b-f9dd-421c-9d7d-954b962286de
&amp#27;[38;5;133m[c458da4b]&amp#27;[0m&amp#27;[38;5;7m[AndroidUiautomator2Driver@8c9f]&amp#27;[0m Responding to client with driver.createSession() result: {"capabilities":{"platformName":"ANDROID","chromedriverExecutable":"/Users/pankajshukla/Resources/Appium/chromedriver","automationName":"UIAutomator2","app":"/Users/pankajshukla/eclipse-workspace/AppiumFrameworkDesign/src/test/java/org/pankajShukla/resources/General-Store.apk","platform":"LINUX","webStorageEnabled":false,"takesScreenshot":true,"javascriptEnabled":true,"databaseEnabled":false,"networkConnectionEnabled":true,"locationContextEnabled":false,"warnings":{},"desired":{"platformName":"ANDROID","chromedriverExecutable":"/Users/pankajshukla/Resources/Appium/chromedriver","automationName":"UIAutomator2","app":"/Users/pankajshukla/eclipse-workspace/AppiumFrameworkDesign/src/test/java/org/pankajShukla/resources/General-Store.apk"},"deviceName":"emulator-5554","deviceUDID":"emulator-5554","appPackage":"com.androidsample.generalstore","appActivity":"com.androidsample.generalstore.SplashActivity","pixelRatio":"2.75","statBarHeight":66,"viewportRect":{"left":0,"top":66,"width":1080,"height":2154},"deviceAp...
&amp#27;[38;5;133m[c458da4b]&amp#27;[0m&amp#27;[38;5;86m[HTTP]&amp#27;[0m <-- POST /session 200 3671 ms - 1239 
&amp#27;[38;5;133m[c458da4b]&amp#27;[0m&amp#27;[38;5;86m[HTTP]&amp#27;[0m &amp#27;[37m-->&amp#27;[39m &amp#27;[37mPOST&amp#27;[39m &amp#27;[37m/session/c458da4b-f9dd-421c-9d7d-954b962286de/timeouts&amp#27;[39m {"implicit":10000}
&amp#27;[38;5;133m[c458da4b]&amp#27;[0m&amp#27;[38;5;7m[AndroidUiautomator2Driver@8c9f]&amp#27;[0m Calling AppiumDriver.timeouts() with args: [null,null,null,null,10000,"c458da4b-f9dd-421c-9d7d-954b962286de"]
&amp#27;[38;5;133m[c458da4b]&amp#27;[0m&amp#27;[38;5;7m[AndroidUiautomator2Driver@8c9f]&amp#27;[0m W3C timeout argument: {"implicit":10000}}
&amp#27;[38;5;133m[c458da4b]&amp#27;[0m&amp#27;[38;5;7m[AndroidUiautomator2Driver@8c9f]&amp#27;[0m Set implicit wait to 10000ms
&amp#27;[38;5;133m[c458da4b]&amp#27;[0m&amp#27;[38;5;7m[AndroidUiautomator2Driver@8c9f]&amp#27;[0m Responding to client with driver.timeouts() result: null
&amp#27;[38;5;133m[c458da4b]&amp#27;[0m&amp#27;[38;5;86m[HTTP]&amp#27;[0m <-- POST /session/c458da4b-f9dd-421c-9d7d-954b962286de/timeouts 200 1 ms - 14 
&amp#27;[38;5;133m[c458da4b]&amp#27;[0m&amp#27;[38;5;86m[HTTP]&amp#27;[0m &amp#27;[37m-->&amp#27;[39m &amp#27;[37mGET&amp#27;[39m &amp#27;[37m/session/c458da4b-f9dd-421c-9d7d-954b962286de/context&amp#27;[39m {}
&amp#27;[38;5;133m[c458da4b]&amp#27;[0m&amp#27;[38;5;7m[AndroidUiautomator2Driver@8c9f]&amp#27;[0m Calling AppiumDriver.getCurrentContext() with args: ["c458da4b-f9dd-421c-9d7d-954b962286de"]
&amp#27;[38;5;133m[c458da4b]&amp#27;[0m&amp#27;[38;5;7m[AndroidUiautomator2Driver@8c9f]&amp#27;[0m Responding to client with driver.getCurrentContext() result: "NATIVE_APP"
&amp#27;[38;5;133m[c458da4b]&amp#27;[0m&amp#27;[38;5;86m[HTTP]&amp#27;[0m <-- GET /session/c458da4b-f9dd-421c-9d7d-954b962286de/context 200 2 ms - 22 
&amp#27;[38;5;133m[c458da4b]&amp#27;[0m&amp#27;[38;5;86m[HTTP]&amp#27;[0m &amp#27;[37m-->&amp#27;[39m &amp#27;[37mPOST&amp#27;[39m &amp#27;[37m/session/c458da4b-f9dd-421c-9d7d-954b962286de/element&amp#27;[39m {"value":"com.androidsample.generalstore:id/nameField","using":"id"}
&amp#27;[38;5;133m[c458da4b]&amp#27;[0m&amp#27;[38;5;7m[AndroidUiautomator2Driver@8c9f]&amp#27;[0m Calling AppiumDriver.findElement() with args: ["id","com.androidsample.generalstore:id/nameField","c458da4b-f9dd-421c-9d7d-954b962286de"]
&amp#27;[38;5;133m[c458da4b]&amp#27;[0m&amp#27;[38;5;7m[AndroidUiautomator2Driver@8c9f]&amp#27;[0m Valid locator strategies for this request: xpath, id, class name, accessibility id, css selector, -android uiautomator
&amp#27;[38;5;133m[c458da4b]&amp#27;[0m&amp#27;[38;5;7m[AndroidUiautomator2Driver@8c9f]&amp#27;[0m Waiting up to 10000 ms for condition
&amp#27;[38;5;133m[c458da4b]&amp#27;[0m&amp#27;[38;5;7m[AndroidUiautomator2Driver@8c9f]&amp#27;[0m Matched '/element' to command name 'findElement'
&amp#27;[38;5;133m[c458da4b]&amp#27;[0m&amp#27;[38;5;7m[AndroidUiautomator2Driver@8c9f]&amp#27;[0m Proxying [POST /element] to [POST http://127.0.0.1:8200/session/6a8d0aaf-bded-4eb1-841c-897e03ad58b5/element] with body: {"strategy":"id","selector":"com.androidsample.generalstore:id/nameField","context":"","multiple":false}
&amp#27;[38;5;133m[c458da4b]&amp#27;[0m&amp#27;[38;5;7m[AndroidUiautomator2Driver@8c9f]&amp#27;[0m Got response with status 404: {"sessionId":"6a8d0aaf-bded-4eb1-841c-897e03ad58b5","value":{"error":"no such element","message":"An element could not be located on the page using the given search parameters","stacktrace":"io.appium.uiautomator2.common.exceptions.ElementNotFoundException: An element could not be located on the page using the given search parameters\n\tat io.appium.uiautomator2.handler.FindElement.safeHandle(FindElement.java:63)\n\tat io.appium.uiautomator2.handler.request.SafeRequestHandler.handle(SafeRequestHandler.java:59)\n\tat io.appium.uiautomator2.server.AppiumServlet.handleRequest(AppiumServlet.java:259)\n\tat io.appium.uiautomator2.server.AppiumServlet.handleHttpRequest(AppiumServlet.java:253)\n\tat io.appium.uiautomator2.http.ServerHandler.channelRead(ServerHandler.java:77)\n\tat io.netty.channel.AbstractChannelHandlerContext.invokeChannelRead(AbstractChannelHandlerContext.java:366)\n\tat io.netty.channel.AbstractChannelHandlerContext.invokeChannelRead(AbstractChannelHandlerContext.java:352)\n\tat io.netty.chann...
&amp#27;[38;5;133m[c458da4b]&amp#27;[0m&amp#27;[38;5;123m[W3C]&amp#27;[0m Matched W3C error code 'no such element' to NoSuchElementError
&amp#27;[38;5;133m[c458da4b]&amp#27;[0m&amp#27;[38;5;7m[AndroidUiautomator2Driver@8c9f]&amp#27;[0m Waited for 488 ms so far
&amp#27;[38;5;133m[c458da4b]&amp#27;[0m&amp#27;[38;5;7m[AndroidUiautomator2Driver@8c9f]&amp#27;[0m Matched '/element' to command name 'findElement'
&amp#27;[38;5;133m[c458da4b]&amp#27;[0m&amp#27;[38;5;7m[AndroidUiautomator2Driver@8c9f]&amp#27;[0m Proxying [POST /element] to [POST http://127.0.0.1:8200/session/6a8d0aaf-bded-4eb1-841c-897e03ad58b5/element] with body: {"strategy":"id","selector":"com.androidsample.generalstore:id/nameField","context":"","multiple":false}
&amp#27;[38;5;133m[c458da4b]&amp#27;[0m&amp#27;[38;5;7m[AndroidUiautomator2Driver@8c9f]&amp#27;[0m Got response with status 404: {"sessionId":"6a8d0aaf-bded-4eb1-841c-897e03ad58b5","value":{"error":"no such element","message":"An element could not be located on the page using the given search parameters","stacktrace":"io.appium.uiautomator2.common.exceptions.ElementNotFoundException: An element could not be located on the page using the given search parameters\n\tat io.appium.uiautomator2.handler.FindElement.safeHandle(FindElement.java:63)\n\tat io.appium.uiautomator2.handler.request.SafeRequestHandler.handle(SafeRequestHandler.java:59)\n\tat io.appium.uiautomator2.server.AppiumServlet.handleRequest(AppiumServlet.java:259)\n\tat io.appium.uiautomator2.server.AppiumServlet.handleHttpRequest(AppiumServlet.java:253)\n\tat io.appium.uiautomator2.http.ServerHandler.channelRead(ServerHandler.java:77)\n\tat io.netty.channel.AbstractChannelHandlerContext.invokeChannelRead(AbstractChannelHandlerContext.java:366)\n\tat io.netty.channel.AbstractChannelHandlerContext.invokeChannelRead(AbstractChannelHandlerContext.java:352)\n\tat io.netty.chann...
&amp#27;[38;5;133m[c458da4b]&amp#27;[0m&amp#27;[38;5;123m[W3C]&amp#27;[0m Matched W3C error code 'no such element' to NoSuchElementError
&amp#27;[38;5;133m[c458da4b]&amp#27;[0m&amp#27;[38;5;7m[AndroidUiautomator2Driver@8c9f]&amp#27;[0m Waited for 1024 ms so far
&amp#27;[38;5;133m[c458da4b]&amp#27;[0m&amp#27;[38;5;7m[AndroidUiautomator2Driver@8c9f]&amp#27;[0m Matched '/element' to command name 'findElement'
&amp#27;[38;5;133m[c458da4b]&amp#27;[0m&amp#27;[38;5;7m[AndroidUiautomator2Driver@8c9f]&amp#27;[0m Proxying [POST /element] to [POST http://127.0.0.1:8200/session/6a8d0aaf-bded-4eb1-841c-897e03ad58b5/element] with body: {"strategy":"id","selector":"com.androidsample.generalstore:id/nameField","context":"","multiple":false}
&amp#27;[38;5;133m[c458da4b]&amp#27;[0m&amp#27;[38;5;7m[AndroidUiautomator2Driver@8c9f]&amp#27;[0m Got response with status 404: {"sessionId":"6a8d0aaf-bded-4eb1-841c-897e03ad58b5","value":{"error":"no such element","message":"An element could not be located on the page using the given search parameters","stacktrace":"io.appium.uiautomator2.common.exceptions.ElementNotFoundException: An element could not be located on the page using the given search parameters\n\tat io.appium.uiautomator2.handler.FindElement.safeHandle(FindElement.java:63)\n\tat io.appium.uiautomator2.handler.request.SafeRequestHandler.handle(SafeRequestHandler.java:59)\n\tat io.appium.uiautomator2.server.AppiumServlet.handleRequest(AppiumServlet.java:259)\n\tat io.appium.uiautomator2.server.AppiumServlet.handleHttpRequest(AppiumServlet.java:253)\n\tat io.appium.uiautomator2.http.ServerHandler.channelRead(ServerHandler.java:77)\n\tat io.netty.channel.AbstractChannelHandlerContext.invokeChannelRead(AbstractChannelHandlerContext.java:366)\n\tat io.netty.channel.AbstractChannelHandlerContext.invokeChannelRead(AbstractChannelHandlerContext.java:352)\n\tat io.netty.chann...
&amp#27;[38;5;133m[c458da4b]&amp#27;[0m&amp#27;[38;5;123m[W3C]&amp#27;[0m Matched W3C error code 'no such element' to NoSuchElementError
&amp#27;[38;5;133m[c458da4b]&amp#27;[0m&amp#27;[38;5;7m[AndroidUiautomator2Driver@8c9f]&amp#27;[0m Waited for 1553 ms so far
&amp#27;[38;5;133m[c458da4b]&amp#27;[0m&amp#27;[38;5;7m[AndroidUiautomator2Driver@8c9f]&amp#27;[0m Matched '/element' to command name 'findElement'
&amp#27;[38;5;133m[c458da4b]&amp#27;[0m&amp#27;[38;5;7m[AndroidUiautomator2Driver@8c9f]&amp#27;[0m Proxying [POST /element] to [POST http://127.0.0.1:8200/session/6a8d0aaf-bded-4eb1-841c-897e03ad58b5/element] with body: {"strategy":"id","selector":"com.androidsample.generalstore:id/nameField","context":"","multiple":false}
&amp#27;[38;5;133m[c458da4b]&amp#27;[0m&amp#27;[38;5;7m[AndroidUiautomator2Driver@8c9f]&amp#27;[0m Got response with status 404: {"sessionId":"6a8d0aaf-bded-4eb1-841c-897e03ad58b5","value":{"error":"no such element","message":"An element could not be located on the page using the given search parameters","stacktrace":"io.appium.uiautomator2.common.exceptions.ElementNotFoundException: An element could not be located on the page using the given search parameters\n\tat io.appium.uiautomator2.handler.FindElement.safeHandle(FindElement.java:63)\n\tat io.appium.uiautomator2.handler.request.SafeRequestHandler.handle(SafeRequestHandler.java:59)\n\tat io.appium.uiautomator2.server.AppiumServlet.handleRequest(AppiumServlet.java:259)\n\tat io.appium.uiautomator2.server.AppiumServlet.handleHttpRequest(AppiumServlet.java:253)\n\tat io.appium.uiautomator2.http.ServerHandler.channelRead(ServerHandler.java:77)\n\tat io.netty.channel.AbstractChannelHandlerContext.invokeChannelRead(AbstractChannelHandlerContext.java:366)\n\tat io.netty.channel.AbstractChannelHandlerContext.invokeChannelRead(AbstractChannelHandlerContext.java:352)\n\tat io.netty.chann...
&amp#27;[38;5;133m[c458da4b]&amp#27;[0m&amp#27;[38;5;123m[W3C]&amp#27;[0m Matched W3C error code 'no such element' to NoSuchElementError
&amp#27;[38;5;133m[c458da4b]&amp#27;[0m&amp#27;[38;5;7m[AndroidUiautomator2Driver@8c9f]&amp#27;[0m Waited for 2080 ms so far
&amp#27;[38;5;133m[c458da4b]&amp#27;[0m&amp#27;[38;5;7m[AndroidUiautomator2Driver@8c9f]&amp#27;[0m Matched '/element' to command name 'findElement'
&amp#27;[38;5;133m[c458da4b]&amp#27;[0m&amp#27;[38;5;7m[AndroidUiautomator2Driver@8c9f]&amp#27;[0m Proxying [POST /element] to [POST http://127.0.0.1:8200/session/6a8d0aaf-bded-4eb1-841c-897e03ad58b5/element] with body: {"strategy":"id","selector":"com.androidsample.generalstore:id/nameField","context":"","multiple":false}
&amp#27;[38;5;133m[c458da4b]&amp#27;[0m&amp#27;[38;5;7m[AndroidUiautomator2Driver@8c9f]&amp#27;[0m Got response with status 404: {"sessionId":"6a8d0aaf-bded-4eb1-841c-897e03ad58b5","value":{"error":"no such element","message":"An element could not be located on the page using the given search parameters","stacktrace":"io.appium.uiautomator2.common.exceptions.ElementNotFoundException: An element could not be located on the page using the given search parameters\n\tat io.appium.uiautomator2.handler.FindElement.safeHandle(FindElement.java:63)\n\tat io.appium.uiautomator2.handler.request.SafeRequestHandler.handle(SafeRequestHandler.java:59)\n\tat io.appium.uiautomator2.server.AppiumServlet.handleRequest(AppiumServlet.java:259)\n\tat io.appium.uiautomator2.server.AppiumServlet.handleHttpRequest(AppiumServlet.java:253)\n\tat io.appium.uiautomator2.http.ServerHandler.channelRead(ServerHandler.java:77)\n\tat io.netty.channel.AbstractChannelHandlerContext.invokeChannelRead(AbstractChannelHandlerContext.java:366)\n\tat io.netty.channel.AbstractChannelHandlerContext.invokeChannelRead(AbstractChannelHandlerContext.java:352)\n\tat io.netty.chann...
&amp#27;[38;5;133m[c458da4b]&amp#27;[0m&amp#27;[38;5;123m[W3C]&amp#27;[0m Matched W3C error code 'no such element' to NoSuchElementError
&amp#27;[38;5;133m[c458da4b]&amp#27;[0m&amp#27;[38;5;7m[AndroidUiautomator2Driver@8c9f]&amp#27;[0m Waited for 2662 ms so far
&amp#27;[38;5;133m[c458da4b]&amp#27;[0m&amp#27;[38;5;7m[AndroidUiautomator2Driver@8c9f]&amp#27;[0m Matched '/element' to command name 'findElement'
&amp#27;[38;5;133m[c458da4b]&amp#27;[0m&amp#27;[38;5;7m[AndroidUiautomator2Driver@8c9f]&amp#27;[0m Proxying [POST /element] to [POST http://127.0.0.1:8200/session/6a8d0aaf-bded-4eb1-841c-897e03ad58b5/element] with body: {"strategy":"id","selector":"com.androidsample.generalstore:id/nameField","context":"","multiple":false}
&amp#27;[38;5;133m[c458da4b]&amp#27;[0m&amp#27;[38;5;7m[AndroidUiautomator2Driver@8c9f]&amp#27;[0m Got response with status 200: {"sessionId":"6a8d0aaf-bded-4eb1-841c-897e03ad58b5","value":{"ELEMENT":"00000000-0000-0169-ffff-ffff0000001c","element-6066-11e4-a52e-4f735466cecf":"00000000-0000-0169-ffff-ffff0000001c"}}
&amp#27;[38;5;133m[c458da4b]&amp#27;[0m&amp#27;[38;5;7m[AndroidUiautomator2Driver@8c9f]&amp#27;[0m Responding to client with driver.findElement() result: {"element-6066-11e4-a52e-4f735466cecf":"00000000-0000-0169-ffff-ffff0000001c","ELEMENT":"00000000-0000-0169-ffff-ffff0000001c"}
&amp#27;[38;5;133m[c458da4b]&amp#27;[0m&amp#27;[38;5;86m[HTTP]&amp#27;[0m <-- POST /session/c458da4b-f9dd-421c-9d7d-954b962286de/element 200 4025 ms - 137 
&amp#27;[38;5;133m[c458da4b]&amp#27;[0m&amp#27;[38;5;86m[HTTP]&amp#27;[0m &amp#27;[37m-->&amp#27;[39m &amp#27;[37mPOST&amp#27;[39m &amp#27;[37m/session/c458da4b-f9dd-421c-9d7d-954b962286de/element/00000000-0000-0169-ffff-ffff0000001c/value&amp#27;[39m {"text":"Pankaj Shukla","value":["P","a","n","k","a","j"," ","S","h","u","k","l","a"],"id":"00000000-0000-0169-ffff-ffff0000001c"}
&amp#27;[38;5;133m[c458da4b]&amp#27;[0m&amp#27;[38;5;7m[AndroidUiautomator2Driver@8c9f]&amp#27;[0m Calling AppiumDriver.setValue() with args: [["P","a","n","k","a","j"," ","S","h","u","k","l","a"],"00000000-0000-0169-ffff-ffff0000001c","c458da4b-f9dd-421c-9d7d-954b962286de"]
&amp#27;[38;5;133m[c458da4b]&amp#27;[0m&amp#27;[38;5;7m[AndroidUiautomator2Driver@8c9f]&amp#27;[0m Matched '/element/00000000-0000-0169-ffff-ffff0000001c/value' to command name 'setValue'
&amp#27;[38;5;133m[c458da4b]&amp#27;[0m&amp#27;[38;5;7m[AndroidUiautomator2Driver@8c9f]&amp#27;[0m Added 'value' property ["P","a","n","k","a","j"," ","S","h","u","k","l","a"] to 'setValue' request body
&amp#27;[38;5;133m[c458da4b]&amp#27;[0m&amp#27;[38;5;7m[AndroidUiautomator2Driver@8c9f]&amp#27;[0m Proxying [POST /element/00000000-0000-0169-ffff-ffff0000001c/value] to [POST http://127.0.0.1:8200/session/6a8d0aaf-bded-4eb1-841c-897e03ad58b5/element/00000000-0000-0169-ffff-ffff0000001c/value] with body: {"elementId":"00000000-0000-0169-ffff-ffff0000001c","text":"Pankaj Shukla","replace":false,"value":["P","a","n","k","a","j"," ","S","h","u","k","l","a"]}
&amp#27;[38;5;133m[c458da4b]&amp#27;[0m&amp#27;[38;5;7m[AndroidUiautomator2Driver@8c9f]&amp#27;[0m Got response with status 200: {"sessionId":"6a8d0aaf-bded-4eb1-841c-897e03ad58b5","value":null}
&amp#27;[38;5;133m[c458da4b]&amp#27;[0m&amp#27;[38;5;7m[AndroidUiautomator2Driver@8c9f]&amp#27;[0m Responding to client with driver.setValue() result: null
&amp#27;[38;5;133m[c458da4b]&amp#27;[0m&amp#27;[38;5;86m[HTTP]&amp#27;[0m <-- POST /session/c458da4b-f9dd-421c-9d7d-954b962286de/element/00000000-0000-0169-ffff-ffff0000001c/value 200 551 ms - 14 
&amp#27;[38;5;133m[c458da4b]&amp#27;[0m&amp#27;[38;5;86m[HTTP]&amp#27;[0m &amp#27;[37m-->&amp#27;[39m &amp#27;[37mPOST&amp#27;[39m &amp#27;[37m/session/c458da4b-f9dd-421c-9d7d-954b962286de/execute/sync&amp#27;[39m {"args":[],"script":"mobile: hideKeyboard"}
&amp#27;[38;5;133m[c458da4b]&amp#27;[0m&amp#27;[38;5;7m[AndroidUiautomator2Driver@8c9f]&amp#27;[0m Calling AppiumDriver.execute() with args: ["mobile: hideKeyboard",[],"c458da4b-f9dd-421c-9d7d-954b962286de"]
&amp#27;[38;5;133m[c458da4b]&amp#27;[0m&amp#27;[38;5;229m[ADB]&amp#27;[0m Running '/Users/pankajshukla/Library/Android/sdk/platform-tools/adb -P 5037 -s emulator-5554 shell dumpsys input_method'
&amp#27;[38;5;133m[c458da4b]&amp#27;[0m&amp#27;[38;5;229m[ADB]&amp#27;[0m Keyboard has no UI; no closing necessary
&amp#27;[38;5;133m[c458da4b]&amp#27;[0m&amp#27;[38;5;7m[AndroidUiautomator2Driver@8c9f]&amp#27;[0m Responding to client with driver.execute() result: false
&amp#27;[38;5;133m[c458da4b]&amp#27;[0m&amp#27;[38;5;86m[HTTP]&amp#27;[0m <-- POST /session/c458da4b-f9dd-421c-9d7d-954b962286de/execute/sync 200 105 ms - 15 
&amp#27;[38;5;133m[c458da4b]&amp#27;[0m&amp#27;[38;5;86m[HTTP]&amp#27;[0m &amp#27;[37m-->&amp#27;[39m &amp#27;[37mGET&amp#27;[39m &amp#27;[37m/session/c458da4b-f9dd-421c-9d7d-954b962286de/context&amp#27;[39m {}
&amp#27;[38;5;133m[c458da4b]&amp#27;[0m&amp#27;[38;5;7m[AndroidUiautomator2Driver@8c9f]&amp#27;[0m Calling AppiumDriver.getCurrentContext() with args: ["c458da4b-f9dd-421c-9d7d-954b962286de"]
&amp#27;[38;5;133m[c458da4b]&amp#27;[0m&amp#27;[38;5;7m[AndroidUiautomator2Driver@8c9f]&amp#27;[0m Responding to client with driver.getCurrentContext() result: "NATIVE_APP"
&amp#27;[38;5;133m[c458da4b]&amp#27;[0m&amp#27;[38;5;86m[HTTP]&amp#27;[0m <-- GET /session/c458da4b-f9dd-421c-9d7d-954b962286de/context 200 3 ms - 22 
&amp#27;[38;5;133m[c458da4b]&amp#27;[0m&amp#27;[38;5;86m[HTTP]&amp#27;[0m &amp#27;[37m-->&amp#27;[39m &amp#27;[37mPOST&amp#27;[39m &amp#27;[37m/session/c458da4b-f9dd-421c-9d7d-954b962286de/element&amp#27;[39m {"value":"//android.widget.RadioButton[@text='Male']","using":"xpath"}
&amp#27;[38;5;133m[c458da4b]&amp#27;[0m&amp#27;[38;5;7m[AndroidUiautomator2Driver@8c9f]&amp#27;[0m Calling AppiumDriver.findElement() with args: ["xpath","//android.widget.RadioButton[@text='Male']","c458da4b-f9dd-421c-9d7d-954b962286de"]
&amp#27;[38;5;133m[c458da4b]&amp#27;[0m&amp#27;[38;5;7m[AndroidUiautomator2Driver@8c9f]&amp#27;[0m Valid locator strategies for this request: xpath, id, class name, accessibility id, css selector, -android uiautomator
&amp#27;[38;5;133m[c458da4b]&amp#27;[0m&amp#27;[38;5;7m[AndroidUiautomator2Driver@8c9f]&amp#27;[0m Waiting up to 10000 ms for condition
&amp#27;[38;5;133m[c458da4b]&amp#27;[0m&amp#27;[38;5;7m[AndroidUiautomator2Driver@8c9f]&amp#27;[0m Matched '/element' to command name 'findElement'
&amp#27;[38;5;133m[c458da4b]&amp#27;[0m&amp#27;[38;5;7m[AndroidUiautomator2Driver@8c9f]&amp#27;[0m Proxying [POST /element] to [POST http://127.0.0.1:8200/session/6a8d0aaf-bded-4eb1-841c-897e03ad58b5/element] with body: {"strategy":"xpath","selector":"//android.widget.RadioButton[@text='Male']","context":"","multiple":false}
&amp#27;[38;5;133m[c458da4b]&amp#27;[0m&amp#27;[38;5;7m[AndroidUiautomator2Driver@8c9f]&amp#27;[0m Got response with status 200: {"sessionId":"6a8d0aaf-bded-4eb1-841c-897e03ad58b5","value":{"ELEMENT":"00000000-0000-0169-ffff-ffff0000001f","element-6066-11e4-a52e-4f735466cecf":"00000000-0000-0169-ffff-ffff0000001f"}}
&amp#27;[38;5;133m[c458da4b]&amp#27;[0m&amp#27;[38;5;7m[AndroidUiautomator2Driver@8c9f]&amp#27;[0m Responding to client with driver.findElement() result: {"element-6066-11e4-a52e-4f735466cecf":"00000000-0000-0169-ffff-ffff0000001f","ELEMENT":"00000000-0000-0169-ffff-ffff0000001f"}
&amp#27;[38;5;133m[c458da4b]&amp#27;[0m&amp#27;[38;5;86m[HTTP]&amp#27;[0m <-- POST /session/c458da4b-f9dd-421c-9d7d-954b962286de/element 200 550 ms - 137 
&amp#27;[38;5;133m[c458da4b]&amp#27;[0m&amp#27;[38;5;86m[HTTP]&amp#27;[0m &amp#27;[37m-->&amp#27;[39m &amp#27;[37mPOST&amp#27;[39m &amp#27;[37m/session/c458da4b-f9dd-421c-9d7d-954b962286de/element/00000000-0000-0169-ffff-ffff0000001f/click&amp#27;[39m {"id":"00000000-0000-0169-ffff-ffff0000001f"}
&amp#27;[38;5;133m[c458da4b]&amp#27;[0m&amp#27;[38;5;7m[AndroidUiautomator2Driver@8c9f]&amp#27;[0m Calling AppiumDriver.click() with args: ["00000000-0000-0169-ffff-ffff0000001f","c458da4b-f9dd-421c-9d7d-954b962286de"]
&amp#27;[38;5;133m[c458da4b]&amp#27;[0m&amp#27;[38;5;7m[AndroidUiautomator2Driver@8c9f]&amp#27;[0m Matched '/element/00000000-0000-0169-ffff-ffff0000001f/click' to command name 'click'
&amp#27;[38;5;133m[c458da4b]&amp#27;[0m&amp#27;[38;5;7m[AndroidUiautomator2Driver@8c9f]&amp#27;[0m Proxying [POST /element/00000000-0000-0169-ffff-ffff0000001f/click] to [POST http://127.0.0.1:8200/session/6a8d0aaf-bded-4eb1-841c-897e03ad58b5/element/00000000-0000-0169-ffff-ffff0000001f/click] with body: {"element":"00000000-0000-0169-ffff-ffff0000001f"}
&amp#27;[38;5;133m[c458da4b]&amp#27;[0m&amp#27;[38;5;7m[AndroidUiautomator2Driver@8c9f]&amp#27;[0m Got response with status 200: {"sessionId":"6a8d0aaf-bded-4eb1-841c-897e03ad58b5","value":null}
&amp#27;[38;5;133m[c458da4b]&amp#27;[0m&amp#27;[38;5;7m[AndroidUiautomator2Driver@8c9f]&amp#27;[0m Responding to client with driver.click() result: null
&amp#27;[38;5;133m[c458da4b]&amp#27;[0m&amp#27;[38;5;86m[HTTP]&amp#27;[0m <-- POST /session/c458da4b-f9dd-421c-9d7d-954b962286de/element/00000000-0000-0169-ffff-ffff0000001f/click 200 73 ms - 14 
&amp#27;[38;5;133m[c458da4b]&amp#27;[0m&amp#27;[38;5;86m[HTTP]&amp#27;[0m &amp#27;[37m-->&amp#27;[39m &amp#27;[37mGET&amp#27;[39m &amp#27;[37m/session/c458da4b-f9dd-421c-9d7d-954b962286de/context&amp#27;[39m {}
&amp#27;[38;5;133m[c458da4b]&amp#27;[0m&amp#27;[38;5;7m[AndroidUiautomator2Driver@8c9f]&amp#27;[0m Calling AppiumDriver.getCurrentContext() with args: ["c458da4b-f9dd-421c-9d7d-954b962286de"]
&amp#27;[38;5;133m[c458da4b]&amp#27;[0m&amp#27;[38;5;7m[AndroidUiautomator2Driver@8c9f]&amp#27;[0m Responding to client with driver.getCurrentContext() result: "NATIVE_APP"
&amp#27;[38;5;133m[c458da4b]&amp#27;[0m&amp#27;[38;5;86m[HTTP]&amp#27;[0m <-- GET /session/c458da4b-f9dd-421c-9d7d-954b962286de/context 200 5 ms - 22 
&amp#27;[38;5;133m[c458da4b]&amp#27;[0m&amp#27;[38;5;86m[HTTP]&amp#27;[0m &amp#27;[37m-->&amp#27;[39m &amp#27;[37mPOST&amp#27;[39m &amp#27;[37m/session/c458da4b-f9dd-421c-9d7d-954b962286de/element&amp#27;[39m {"value":"android:id/text1","using":"id"}
&amp#27;[38;5;133m[c458da4b]&amp#27;[0m&amp#27;[38;5;7m[AndroidUiautomator2Driver@8c9f]&amp#27;[0m Calling AppiumDriver.findElement() with args: ["id","android:id/text1","c458da4b-f9dd-421c-9d7d-954b962286de"]
&amp#27;[38;5;133m[c458da4b]&amp#27;[0m&amp#27;[38;5;7m[AndroidUiautomator2Driver@8c9f]&amp#27;[0m Valid locator strategies for this request: xpath, id, class name, accessibility id, css selector, -android uiautomator
&amp#27;[38;5;133m[c458da4b]&amp#27;[0m&amp#27;[38;5;7m[AndroidUiautomator2Driver@8c9f]&amp#27;[0m Waiting up to 10000 ms for condition
&amp#27;[38;5;133m[c458da4b]&amp#27;[0m&amp#27;[38;5;7m[AndroidUiautomator2Driver@8c9f]&amp#27;[0m Matched '/element' to command name 'findElement'
&amp#27;[38;5;133m[c458da4b]&amp#27;[0m&amp#27;[38;5;7m[AndroidUiautomator2Driver@8c9f]&amp#27;[0m Proxying [POST /element] to [POST http://127.0.0.1:8200/session/6a8d0aaf-bded-4eb1-841c-897e03ad58b5/element] with body: {"strategy":"id","selector":"android:id/text1","context":"","multiple":false}
&amp#27;[38;5;133m[c458da4b]&amp#27;[0m&amp#27;[38;5;7m[AndroidUiautomator2Driver@8c9f]&amp#27;[0m Got response with status 200: {"sessionId":"6a8d0aaf-bded-4eb1-841c-897e03ad58b5","value":{"ELEMENT":"00000000-0000-0169-ffff-ffff00000024","element-6066-11e4-a52e-4f735466cecf":"00000000-0000-0169-ffff-ffff00000024"}}
&amp#27;[38;5;133m[c458da4b]&amp#27;[0m&amp#27;[38;5;7m[AndroidUiautomator2Driver@8c9f]&amp#27;[0m Responding to client with driver.findElement() result: {"element-6066-11e4-a52e-4f735466cecf":"00000000-0000-0169-ffff-ffff00000024","ELEMENT":"00000000-0000-0169-ffff-ffff00000024"}
&amp#27;[38;5;133m[c458da4b]&amp#27;[0m&amp#27;[38;5;86m[HTTP]&amp#27;[0m <-- POST /session/c458da4b-f9dd-421c-9d7d-954b962286de/element 200 457 ms - 137 
&amp#27;[38;5;133m[c458da4b]&amp#27;[0m&amp#27;[38;5;86m[HTTP]&amp#27;[0m &amp#27;[37m-->&amp#27;[39m &amp#27;[37mPOST&amp#27;[39m &amp#27;[37m/session/c458da4b-f9dd-421c-9d7d-954b962286de/element/00000000-0000-0169-ffff-ffff00000024/click&amp#27;[39m {"id":"00000000-0000-0169-ffff-ffff00000024"}
&amp#27;[38;5;133m[c458da4b]&amp#27;[0m&amp#27;[38;5;7m[AndroidUiautomator2Driver@8c9f]&amp#27;[0m Calling AppiumDriver.click() with args: ["00000000-0000-0169-ffff-ffff00000024","c458da4b-f9dd-421c-9d7d-954b962286de"]
&amp#27;[38;5;133m[c458da4b]&amp#27;[0m&amp#27;[38;5;7m[AndroidUiautomator2Driver@8c9f]&amp#27;[0m Matched '/element/00000000-0000-0169-ffff-ffff00000024/click' to command name 'click'
&amp#27;[38;5;133m[c458da4b]&amp#27;[0m&amp#27;[38;5;7m[AndroidUiautomator2Driver@8c9f]&amp#27;[0m Proxying [POST /element/00000000-0000-0169-ffff-ffff00000024/click] to [POST http://127.0.0.1:8200/session/6a8d0aaf-bded-4eb1-841c-897e03ad58b5/element/00000000-0000-0169-ffff-ffff00000024/click] with body: {"element":"00000000-0000-0169-ffff-ffff00000024"}
&amp#27;[38;5;133m[c458da4b]&amp#27;[0m&amp#27;[38;5;7m[AndroidUiautomator2Driver@8c9f]&amp#27;[0m Got response with status 200: {"sessionId":"6a8d0aaf-bded-4eb1-841c-897e03ad58b5","value":null}
&amp#27;[38;5;133m[c458da4b]&amp#27;[0m&amp#27;[38;5;7m[AndroidUiautomator2Driver@8c9f]&amp#27;[0m Responding to client with driver.click() result: null
&amp#27;[38;5;133m[c458da4b]&amp#27;[0m&amp#27;[38;5;86m[HTTP]&amp#27;[0m <-- POST /session/c458da4b-f9dd-421c-9d7d-954b962286de/element/00000000-0000-0169-ffff-ffff00000024/click 200 44 ms - 14 
&amp#27;[38;5;133m[c458da4b]&amp#27;[0m&amp#27;[38;5;86m[HTTP]&amp#27;[0m &amp#27;[37m-->&amp#27;[39m &amp#27;[37mPOST&amp#27;[39m &amp#27;[37m/session/c458da4b-f9dd-421c-9d7d-954b962286de/element&amp#27;[39m {"value":"new UiScrollable(new UiSelector()).scrollIntoView(text(\"Argentina\"));","using":"-android uiautomator"}
&amp#27;[38;5;133m[c458da4b]&amp#27;[0m&amp#27;[38;5;7m[AndroidUiautomator2Driver@8c9f]&amp#27;[0m Calling AppiumDriver.findElement() with args: ["-android uiautomator","new UiScrollable(new UiSelector()).scrollIntoView(text(\"Argentina\"));","c458da4b-f9dd-421c-9d7d-954b962286de"]
&amp#27;[38;5;133m[c458da4b]&amp#27;[0m&amp#27;[38;5;7m[AndroidUiautomator2Driver@8c9f]&amp#27;[0m Valid locator strategies for this request: xpath, id, class name, accessibility id, css selector, -android uiautomator
&amp#27;[38;5;133m[c458da4b]&amp#27;[0m&amp#27;[38;5;7m[AndroidUiautomator2Driver@8c9f]&amp#27;[0m Waiting up to 10000 ms for condition
&amp#27;[38;5;133m[c458da4b]&amp#27;[0m&amp#27;[38;5;7m[AndroidUiautomator2Driver@8c9f]&amp#27;[0m Matched '/element' to command name 'findElement'
&amp#27;[38;5;133m[c458da4b]&amp#27;[0m&amp#27;[38;5;7m[AndroidUiautomator2Driver@8c9f]&amp#27;[0m Proxying [POST /element] to [POST http://127.0.0.1:8200/session/6a8d0aaf-bded-4eb1-841c-897e03ad58b5/element] with body: {"strategy":"-android uiautomator","selector":"new UiScrollable(new UiSelector()).scrollIntoView(text(\"Argentina\"));","context":"","multiple":false}
&amp#27;[38;5;133m[c458da4b]&amp#27;[0m&amp#27;[38;5;7m[AndroidUiautomator2Driver@8c9f]&amp#27;[0m Got response with status 200: {"sessionId":"6a8d0aaf-bded-4eb1-841c-897e03ad58b5","value":{"ELEMENT":"00000000-0000-016a-ffff-ffff00000032","element-6066-11e4-a52e-4f735466cecf":"00000000-0000-016a-ffff-ffff00000032"}}
&amp#27;[38;5;133m[c458da4b]&amp#27;[0m&amp#27;[38;5;7m[AndroidUiautomator2Driver@8c9f]&amp#27;[0m Responding to client with driver.findElement() result: {"element-6066-11e4-a52e-4f735466cecf":"00000000-0000-016a-ffff-ffff00000032","ELEMENT":"00000000-0000-016a-ffff-ffff00000032"}
&amp#27;[38;5;133m[c458da4b]&amp#27;[0m&amp#27;[38;5;86m[HTTP]&amp#27;[0m <-- POST /session/c458da4b-f9dd-421c-9d7d-954b962286de/element 200 4038 ms - 137 
&amp#27;[38;5;133m[c458da4b]&amp#27;[0m&amp#27;[38;5;86m[HTTP]&amp#27;[0m &amp#27;[37m-->&amp#27;[39m &amp#27;[37mPOST&amp#27;[39m &amp#27;[37m/session/c458da4b-f9dd-421c-9d7d-954b962286de/element&amp#27;[39m {"value":"//android.widget.TextView[@text='Argentina']","using":"xpath"}
&amp#27;[38;5;133m[c458da4b]&amp#27;[0m&amp#27;[38;5;7m[AndroidUiautomator2Driver@8c9f]&amp#27;[0m Calling AppiumDriver.findElement() with args: ["xpath","//android.widget.TextView[@text='Argentina']","c458da4b-f9dd-421c-9d7d-954b962286de"]
&amp#27;[38;5;133m[c458da4b]&amp#27;[0m&amp#27;[38;5;7m[AndroidUiautomator2Driver@8c9f]&amp#27;[0m Valid locator strategies for this request: xpath, id, class name, accessibility id, css selector, -android uiautomator
&amp#27;[38;5;133m[c458da4b]&amp#27;[0m&amp#27;[38;5;7m[AndroidUiautomator2Driver@8c9f]&amp#27;[0m Waiting up to 10000 ms for condition
&amp#27;[38;5;133m[c458da4b]&amp#27;[0m&amp#27;[38;5;7m[AndroidUiautomator2Driver@8c9f]&amp#27;[0m Matched '/element' to command name 'findElement'
&amp#27;[38;5;133m[c458da4b]&amp#27;[0m&amp#27;[38;5;7m[AndroidUiautomator2Driver@8c9f]&amp#27;[0m Proxying [POST /element] to [POST http://127.0.0.1:8200/session/6a8d0aaf-bded-4eb1-841c-897e03ad58b5/element] with body: {"strategy":"xpath","selector":"//android.widget.TextView[@text='Argentina']","context":"","multiple":false}
&amp#27;[38;5;133m[c458da4b]&amp#27;[0m&amp#27;[38;5;7m[AndroidUiautomator2Driver@8c9f]&amp#27;[0m Got response with status 200: {"sessionId":"6a8d0aaf-bded-4eb1-841c-897e03ad58b5","value":{"ELEMENT":"00000000-0000-016a-ffff-ffff00000032","element-6066-11e4-a52e-4f735466cecf":"00000000-0000-016a-ffff-ffff00000032"}}
&amp#27;[38;5;133m[c458da4b]&amp#27;[0m&amp#27;[38;5;7m[AndroidUiautomator2Driver@8c9f]&amp#27;[0m Responding to client with driver.findElement() result: {"element-6066-11e4-a52e-4f735466cecf":"00000000-0000-016a-ffff-ffff00000032","ELEMENT":"00000000-0000-016a-ffff-ffff00000032"}
&amp#27;[38;5;133m[c458da4b]&amp#27;[0m&amp#27;[38;5;86m[HTTP]&amp#27;[0m <-- POST /session/c458da4b-f9dd-421c-9d7d-954b962286de/element 200 35 ms - 137 
&amp#27;[38;5;133m[c458da4b]&amp#27;[0m&amp#27;[38;5;86m[HTTP]&amp#27;[0m &amp#27;[37m-->&amp#27;[39m &amp#27;[37mPOST&amp#27;[39m &amp#27;[37m/session/c458da4b-f9dd-421c-9d7d-954b962286de/element/00000000-0000-016a-ffff-ffff00000032/click&amp#27;[39m {"id":"00000000-0000-016a-ffff-ffff00000032"}
&amp#27;[38;5;133m[c458da4b]&amp#27;[0m&amp#27;[38;5;7m[AndroidUiautomator2Driver@8c9f]&amp#27;[0m Calling AppiumDriver.click() with args: ["00000000-0000-016a-ffff-ffff00000032","c458da4b-f9dd-421c-9d7d-954b962286de"]
&amp#27;[38;5;133m[c458da4b]&amp#27;[0m&amp#27;[38;5;7m[AndroidUiautomator2Driver@8c9f]&amp#27;[0m Matched '/element/00000000-0000-016a-ffff-ffff00000032/click' to command name 'click'
&amp#27;[38;5;133m[c458da4b]&amp#27;[0m&amp#27;[38;5;7m[AndroidUiautomator2Driver@8c9f]&amp#27;[0m Proxying [POST /element/00000000-0000-016a-ffff-ffff00000032/click] to [POST http://127.0.0.1:8200/session/6a8d0aaf-bded-4eb1-841c-897e03ad58b5/element/00000000-0000-016a-ffff-ffff00000032/click] with body: {"element":"00000000-0000-016a-ffff-ffff00000032"}
&amp#27;[38;5;133m[c458da4b]&amp#27;[0m&amp#27;[38;5;7m[AndroidUiautomator2Driver@8c9f]&amp#27;[0m Got response with status 200: {"sessionId":"6a8d0aaf-bded-4eb1-841c-897e03ad58b5","value":null}
&amp#27;[38;5;133m[c458da4b]&amp#27;[0m&amp#27;[38;5;7m[AndroidUiautomator2Driver@8c9f]&amp#27;[0m Responding to client with driver.click() result: null
&amp#27;[38;5;133m[c458da4b]&amp#27;[0m&amp#27;[38;5;86m[HTTP]&amp#27;[0m <-- POST /session/c458da4b-f9dd-421c-9d7d-954b962286de/element/00000000-0000-016a-ffff-ffff00000032/click 200 667 ms - 14 
&amp#27;[38;5;133m[c458da4b]&amp#27;[0m&amp#27;[38;5;86m[HTTP]&amp#27;[0m &amp#27;[37m-->&amp#27;[39m &amp#27;[37mGET&amp#27;[39m &amp#27;[37m/session/c458da4b-f9dd-421c-9d7d-954b962286de/context&amp#27;[39m {}
&amp#27;[38;5;133m[c458da4b]&amp#27;[0m&amp#27;[38;5;7m[AndroidUiautomator2Driver@8c9f]&amp#27;[0m Calling AppiumDriver.getCurrentContext() with args: ["c458da4b-f9dd-421c-9d7d-954b962286de"]
&amp#27;[38;5;133m[c458da4b]&amp#27;[0m&amp#27;[38;5;7m[AndroidUiautomator2Driver@8c9f]&amp#27;[0m Responding to client with driver.getCurrentContext() result: "NATIVE_APP"
&amp#27;[38;5;133m[c458da4b]&amp#27;[0m&amp#27;[38;5;86m[HTTP]&amp#27;[0m <-- GET /session/c458da4b-f9dd-421c-9d7d-954b962286de/context 200 3 ms - 22 
&amp#27;[38;5;133m[c458da4b]&amp#27;[0m&amp#27;[38;5;86m[HTTP]&amp#27;[0m &amp#27;[37m-->&amp#27;[39m &amp#27;[37mPOST&amp#27;[39m &amp#27;[37m/session/c458da4b-f9dd-421c-9d7d-954b962286de/element&amp#27;[39m {"value":"com.androidsample.generalstore:id/btnLetsShop","using":"id"}
&amp#27;[38;5;133m[c458da4b]&amp#27;[0m&amp#27;[38;5;7m[AndroidUiautomator2Driver@8c9f]&amp#27;[0m Calling AppiumDriver.findElement() with args: ["id","com.androidsample.generalstore:id/btnLetsShop","c458da4b-f9dd-421c-9d7d-954b962286de"]
&amp#27;[38;5;133m[c458da4b]&amp#27;[0m&amp#27;[38;5;7m[AndroidUiautomator2Driver@8c9f]&amp#27;[0m Valid locator strategies for this request: xpath, id, class name, accessibility id, css selector, -android uiautomator
&amp#27;[38;5;133m[c458da4b]&amp#27;[0m&amp#27;[38;5;7m[AndroidUiautomator2Driver@8c9f]&amp#27;[0m Waiting up to 10000 ms for condition
&amp#27;[38;5;133m[c458da4b]&amp#27;[0m&amp#27;[38;5;7m[AndroidUiautomator2Driver@8c9f]&amp#27;[0m Matched '/element' to command name 'findElement'
&amp#27;[38;5;133m[c458da4b]&amp#27;[0m&amp#27;[38;5;7m[AndroidUiautomator2Driver@8c9f]&amp#27;[0m Proxying [POST /element] to [POST http://127.0.0.1:8200/session/6a8d0aaf-bded-4eb1-841c-897e03ad58b5/element] with body: {"strategy":"id","selector":"com.androidsample.generalstore:id/btnLetsShop","context":"","multiple":false}
&amp#27;[38;5;133m[c458da4b]&amp#27;[0m&amp#27;[38;5;7m[AndroidUiautomator2Driver@8c9f]&amp#27;[0m Got response with status 200: {"sessionId":"6a8d0aaf-bded-4eb1-841c-897e03ad58b5","value":{"ELEMENT":"00000000-0000-0169-ffff-ffff00000021","element-6066-11e4-a52e-4f735466cecf":"00000000-0000-0169-ffff-ffff00000021"}}
&amp#27;[38;5;133m[c458da4b]&amp#27;[0m&amp#27;[38;5;7m[AndroidUiautomator2Driver@8c9f]&amp#27;[0m Responding to client with driver.findElement() result: {"element-6066-11e4-a52e-4f735466cecf":"00000000-0000-0169-ffff-ffff00000021","ELEMENT":"00000000-0000-0169-ffff-ffff00000021"}
&amp#27;[38;5;133m[c458da4b]&amp#27;[0m&amp#27;[38;5;86m[HTTP]&amp#27;[0m <-- POST /session/c458da4b-f9dd-421c-9d7d-954b962286de/element 200 37 ms - 137 
&amp#27;[38;5;133m[c458da4b]&amp#27;[0m&amp#27;[38;5;86m[HTTP]&amp#27;[0m &amp#27;[37m-->&amp#27;[39m &amp#27;[37mPOST&amp#27;[39m &amp#27;[37m/session/c458da4b-f9dd-421c-9d7d-954b962286de/element/00000000-0000-0169-ffff-ffff00000021/click&amp#27;[39m {"id":"00000000-0000-0169-ffff-ffff00000021"}
&amp#27;[38;5;133m[c458da4b]&amp#27;[0m&amp#27;[38;5;7m[AndroidUiautomator2Driver@8c9f]&amp#27;[0m Calling AppiumDriver.click() with args: ["00000000-0000-0169-ffff-ffff00000021","c458da4b-f9dd-421c-9d7d-954b962286de"]
&amp#27;[38;5;133m[c458da4b]&amp#27;[0m&amp#27;[38;5;7m[AndroidUiautomator2Driver@8c9f]&amp#27;[0m Matched '/element/00000000-0000-0169-ffff-ffff00000021/click' to command name 'click'
&amp#27;[38;5;133m[c458da4b]&amp#27;[0m&amp#27;[38;5;7m[AndroidUiautomator2Driver@8c9f]&amp#27;[0m Proxying [POST /element/00000000-0000-0169-ffff-ffff00000021/click] to [POST http://127.0.0.1:8200/session/6a8d0aaf-bded-4eb1-841c-897e03ad58b5/element/00000000-0000-0169-ffff-ffff00000021/click] with body: {"element":"00000000-0000-0169-ffff-ffff00000021"}
&amp#27;[38;5;133m[c458da4b]&amp#27;[0m&amp#27;[38;5;7m[AndroidUiautomator2Driver@8c9f]&amp#27;[0m Got response with status 200: {"sessionId":"6a8d0aaf-bded-4eb1-841c-897e03ad58b5","value":null}
&amp#27;[38;5;133m[c458da4b]&amp#27;[0m&amp#27;[38;5;7m[AndroidUiautomator2Driver@8c9f]&amp#27;[0m Responding to client with driver.click() result: null
&amp#27;[38;5;133m[c458da4b]&amp#27;[0m&amp#27;[38;5;86m[HTTP]&amp#27;[0m <-- POST /session/c458da4b-f9dd-421c-9d7d-954b962286de/element/00000000-0000-0169-ffff-ffff00000021/click 200 65 ms - 14 
&amp#27;[38;5;133m[c458da4b]&amp#27;[0m&amp#27;[38;5;86m[HTTP]&amp#27;[0m &amp#27;[37m-->&amp#27;[39m &amp#27;[37mGET&amp#27;[39m &amp#27;[37m/session/c458da4b-f9dd-421c-9d7d-954b962286de/context&amp#27;[39m {}
&amp#27;[38;5;133m[c458da4b]&amp#27;[0m&amp#27;[38;5;7m[AndroidUiautomator2Driver@8c9f]&amp#27;[0m Calling AppiumDriver.getCurrentContext() with args: ["c458da4b-f9dd-421c-9d7d-954b962286de"]
&amp#27;[38;5;133m[c458da4b]&amp#27;[0m&amp#27;[38;5;7m[AndroidUiautomator2Driver@8c9f]&amp#27;[0m Responding to client with driver.getCurrentContext() result: "NATIVE_APP"
&amp#27;[38;5;133m[c458da4b]&amp#27;[0m&amp#27;[38;5;86m[HTTP]&amp#27;[0m <-- GET /session/c458da4b-f9dd-421c-9d7d-954b962286de/context 200 2 ms - 22 
&amp#27;[38;5;133m[c458da4b]&amp#27;[0m&amp#27;[38;5;86m[HTTP]&amp#27;[0m &amp#27;[37m-->&amp#27;[39m &amp#27;[37mPOST&amp#27;[39m &amp#27;[37m/session/c458da4b-f9dd-421c-9d7d-954b962286de/elements&amp#27;[39m {"value":"//android.widget.TextView[@text='ADD TO CART']","using":"xpath"}
&amp#27;[38;5;133m[c458da4b]&amp#27;[0m&amp#27;[38;5;7m[AndroidUiautomator2Driver@8c9f]&amp#27;[0m Calling AppiumDriver.findElements() with args: ["xpath","//android.widget.TextView[@text='ADD TO CART']","c458da4b-f9dd-421c-9d7d-954b962286de"]
&amp#27;[38;5;133m[c458da4b]&amp#27;[0m&amp#27;[38;5;7m[AndroidUiautomator2Driver@8c9f]&amp#27;[0m Valid locator strategies for this request: xpath, id, class name, accessibility id, css selector, -android uiautomator
&amp#27;[38;5;133m[c458da4b]&amp#27;[0m&amp#27;[38;5;7m[AndroidUiautomator2Driver@8c9f]&amp#27;[0m Waiting up to 10000 ms for condition
&amp#27;[38;5;133m[c458da4b]&amp#27;[0m&amp#27;[38;5;7m[AndroidUiautomator2Driver@8c9f]&amp#27;[0m Matched '/elements' to command name 'findElements'
&amp#27;[38;5;133m[c458da4b]&amp#27;[0m&amp#27;[38;5;7m[AndroidUiautomator2Driver@8c9f]&amp#27;[0m Proxying [POST /elements] to [POST http://127.0.0.1:8200/session/6a8d0aaf-bded-4eb1-841c-897e03ad58b5/elements] with body: {"strategy":"xpath","selector":"//android.widget.TextView[@text='ADD TO CART']","context":"","multiple":true}
&amp#27;[38;5;133m[c458da4b]&amp#27;[0m&amp#27;[38;5;7m[AndroidUiautomator2Driver@8c9f]&amp#27;[0m Got response with status 200: {"sessionId":"6a8d0aaf-bded-4eb1-841c-897e03ad58b5","value":[{"ELEMENT":"00000000-0000-016b-ffff-ffff00000051","element-6066-11e4-a52e-4f735466cecf":"00000000-0000-016b-ffff-ffff00000051"},{"ELEMENT":"00000000-0000-016b-ffff-ffff00000059","element-6066-11e4-a52e-4f735466cecf":"00000000-0000-016b-ffff-ffff00000059"}]}
&amp#27;[38;5;133m[c458da4b]&amp#27;[0m&amp#27;[38;5;7m[AndroidUiautomator2Driver@8c9f]&amp#27;[0m Responding to client with driver.findElements() result: [{"element-6066-11e4-a52e-4f735466cecf":"00000000-0000-016b-ffff-ffff00000051","ELEMENT":"00000000-0000-016b-ffff-ffff00000051"},{"element-6066-11e4-a52e-4f735466cecf":"00000000-0000-016b-ffff-ffff00000059","ELEMENT":"00000000-0000-016b-ffff-ffff00000059"}]
&amp#27;[38;5;133m[c458da4b]&amp#27;[0m&amp#27;[38;5;86m[HTTP]&amp#27;[0m <-- POST /session/c458da4b-f9dd-421c-9d7d-954b962286de/elements 200 1149 ms - 267 
&amp#27;[38;5;133m[c458da4b]&amp#27;[0m&amp#27;[38;5;86m[HTTP]&amp#27;[0m &amp#27;[37m-->&amp#27;[39m &amp#27;[37mPOST&amp#27;[39m &amp#27;[37m/session/c458da4b-f9dd-421c-9d7d-954b962286de/element/00000000-0000-016b-ffff-ffff00000051/click&amp#27;[39m {"id":"00000000-0000-016b-ffff-ffff00000051"}
&amp#27;[38;5;133m[c458da4b]&amp#27;[0m&amp#27;[38;5;7m[AndroidUiautomator2Driver@8c9f]&amp#27;[0m Calling AppiumDriver.click() with args: ["00000000-0000-016b-ffff-ffff00000051","c458da4b-f9dd-421c-9d7d-954b962286de"]
&amp#27;[38;5;133m[c458da4b]&amp#27;[0m&amp#27;[38;5;7m[AndroidUiautomator2Driver@8c9f]&amp#27;[0m Matched '/element/00000000-0000-016b-ffff-ffff00000051/click' to command name 'click'
&amp#27;[38;5;133m[c458da4b]&amp#27;[0m&amp#27;[38;5;7m[AndroidUiautomator2Driver@8c9f]&amp#27;[0m Proxying [POST /element/00000000-0000-016b-ffff-ffff00000051/click] to [POST http://127.0.0.1:8200/session/6a8d0aaf-bded-4eb1-841c-897e03ad58b5/element/00000000-0000-016b-ffff-ffff00000051/click] with body: {"element":"00000000-0000-016b-ffff-ffff00000051"}
&amp#27;[38;5;133m[c458da4b]&amp#27;[0m&amp#27;[38;5;7m[AndroidUiautomator2Driver@8c9f]&amp#27;[0m Got response with status 200: {"sessionId":"6a8d0aaf-bded-4eb1-841c-897e03ad58b5","value":null}
&amp#27;[38;5;133m[c458da4b]&amp#27;[0m&amp#27;[38;5;7m[AndroidUiautomator2Driver@8c9f]&amp#27;[0m Responding to client with driver.click() result: null
&amp#27;[38;5;133m[c458da4b]&amp#27;[0m&amp#27;[38;5;86m[HTTP]&amp#27;[0m <-- POST /session/c458da4b-f9dd-421c-9d7d-954b962286de/element/00000000-0000-016b-ffff-ffff00000051/click 200 541 ms - 14 
&amp#27;[38;5;133m[c458da4b]&amp#27;[0m&amp#27;[38;5;86m[HTTP]&amp#27;[0m &amp#27;[37m-->&amp#27;[39m &amp#27;[37mGET&amp#27;[39m &amp#27;[37m/session/c458da4b-f9dd-421c-9d7d-954b962286de/context&amp#27;[39m {}
&amp#27;[38;5;133m[c458da4b]&amp#27;[0m&amp#27;[38;5;7m[AndroidUiautomator2Driver@8c9f]&amp#27;[0m Calling AppiumDriver.getCurrentContext() with args: ["c458da4b-f9dd-421c-9d7d-954b962286de"]
&amp#27;[38;5;133m[c458da4b]&amp#27;[0m&amp#27;[38;5;7m[AndroidUiautomator2Driver@8c9f]&amp#27;[0m Responding to client with driver.getCurrentContext() result: "NATIVE_APP"
&amp#27;[38;5;133m[c458da4b]&amp#27;[0m&amp#27;[38;5;86m[HTTP]&amp#27;[0m <-- GET /session/c458da4b-f9dd-421c-9d7d-954b962286de/context 200 2 ms - 22 
&amp#27;[38;5;133m[c458da4b]&amp#27;[0m&amp#27;[38;5;86m[HTTP]&amp#27;[0m &amp#27;[37m-->&amp#27;[39m &amp#27;[37mPOST&amp#27;[39m &amp#27;[37m/session/c458da4b-f9dd-421c-9d7d-954b962286de/elements&amp#27;[39m {"value":"//android.widget.TextView[@text='ADD TO CART']","using":"xpath"}
&amp#27;[38;5;133m[c458da4b]&amp#27;[0m&amp#27;[38;5;7m[AndroidUiautomator2Driver@8c9f]&amp#27;[0m Calling AppiumDriver.findElements() with args: ["xpath","//android.widget.TextView[@text='ADD TO CART']","c458da4b-f9dd-421c-9d7d-954b962286de"]
&amp#27;[38;5;133m[c458da4b]&amp#27;[0m&amp#27;[38;5;7m[AndroidUiautomator2Driver@8c9f]&amp#27;[0m Valid locator strategies for this request: xpath, id, class name, accessibility id, css selector, -android uiautomator
&amp#27;[38;5;133m[c458da4b]&amp#27;[0m&amp#27;[38;5;7m[AndroidUiautomator2Driver@8c9f]&amp#27;[0m Waiting up to 10000 ms for condition
&amp#27;[38;5;133m[c458da4b]&amp#27;[0m&amp#27;[38;5;7m[AndroidUiautomator2Driver@8c9f]&amp#27;[0m Matched '/elements' to command name 'findElements'
&amp#27;[38;5;133m[c458da4b]&amp#27;[0m&amp#27;[38;5;7m[AndroidUiautomator2Driver@8c9f]&amp#27;[0m Proxying [POST /elements] to [POST http://127.0.0.1:8200/session/6a8d0aaf-bded-4eb1-841c-897e03ad58b5/elements] with body: {"strategy":"xpath","selector":"//android.widget.TextView[@text='ADD TO CART']","context":"","multiple":true}
&amp#27;[38;5;133m[c458da4b]&amp#27;[0m&amp#27;[38;5;7m[AndroidUiautomator2Driver@8c9f]&amp#27;[0m Got response with status 200: {"sessionId":"6a8d0aaf-bded-4eb1-841c-897e03ad58b5","value":[{"ELEMENT":"00000000-0000-016b-ffff-ffff00000059","element-6066-11e4-a52e-4f735466cecf":"00000000-0000-016b-ffff-ffff00000059"}]}
&amp#27;[38;5;133m[c458da4b]&amp#27;[0m&amp#27;[38;5;7m[AndroidUiautomator2Driver@8c9f]&amp#27;[0m Responding to client with driver.findElements() result: [{"element-6066-11e4-a52e-4f735466cecf":"00000000-0000-016b-ffff-ffff00000059","ELEMENT":"00000000-0000-016b-ffff-ffff00000059"}]
&amp#27;[38;5;133m[c458da4b]&amp#27;[0m&amp#27;[38;5;86m[HTTP]&amp#27;[0m <-- POST /session/c458da4b-f9dd-421c-9d7d-954b962286de/elements 200 62 ms - 139 
&amp#27;[38;5;133m[c458da4b]&amp#27;[0m&amp#27;[38;5;86m[HTTP]&amp#27;[0m &amp#27;[37m-->&amp#27;[39m &amp#27;[37mPOST&amp#27;[39m &amp#27;[37m/session/c458da4b-f9dd-421c-9d7d-954b962286de/element/00000000-0000-016b-ffff-ffff00000059/click&amp#27;[39m {"id":"00000000-0000-016b-ffff-ffff00000059"}
&amp#27;[38;5;133m[c458da4b]&amp#27;[0m&amp#27;[38;5;7m[AndroidUiautomator2Driver@8c9f]&amp#27;[0m Calling AppiumDriver.click() with args: ["00000000-0000-016b-ffff-ffff00000059","c458da4b-f9dd-421c-9d7d-954b962286de"]
&amp#27;[38;5;133m[c458da4b]&amp#27;[0m&amp#27;[38;5;7m[AndroidUiautomator2Driver@8c9f]&amp#27;[0m Matched '/element/00000000-0000-016b-ffff-ffff00000059/click' to command name 'click'
&amp#27;[38;5;133m[c458da4b]&amp#27;[0m&amp#27;[38;5;7m[AndroidUiautomator2Driver@8c9f]&amp#27;[0m Proxying [POST /element/00000000-0000-016b-ffff-ffff00000059/click] to [POST http://127.0.0.1:8200/session/6a8d0aaf-bded-4eb1-841c-897e03ad58b5/element/00000000-0000-016b-ffff-ffff00000059/click] with body: {"element":"00000000-0000-016b-ffff-ffff00000059"}
&amp#27;[38;5;133m[c458da4b]&amp#27;[0m&amp#27;[38;5;7m[AndroidUiautomator2Driver@8c9f]&amp#27;[0m Got response with status 200: {"sessionId":"6a8d0aaf-bded-4eb1-841c-897e03ad58b5","value":null}
&amp#27;[38;5;133m[c458da4b]&amp#27;[0m&amp#27;[38;5;7m[AndroidUiautomator2Driver@8c9f]&amp#27;[0m Responding to client with driver.click() result: null
&amp#27;[38;5;133m[c458da4b]&amp#27;[0m&amp#27;[38;5;86m[HTTP]&amp#27;[0m <-- POST /session/c458da4b-f9dd-421c-9d7d-954b962286de/element/00000000-0000-016b-ffff-ffff00000059/click 200 538 ms - 14 
&amp#27;[38;5;133m[c458da4b]&amp#27;[0m&amp#27;[38;5;86m[HTTP]&amp#27;[0m &amp#27;[37m-->&amp#27;[39m &amp#27;[37mGET&amp#27;[39m &amp#27;[37m/session/c458da4b-f9dd-421c-9d7d-954b962286de/context&amp#27;[39m {}
&amp#27;[38;5;133m[c458da4b]&amp#27;[0m&amp#27;[38;5;7m[AndroidUiautomator2Driver@8c9f]&amp#27;[0m Calling AppiumDriver.getCurrentContext() with args: ["c458da4b-f9dd-421c-9d7d-954b962286de"]
&amp#27;[38;5;133m[c458da4b]&amp#27;[0m&amp#27;[38;5;7m[AndroidUiautomator2Driver@8c9f]&amp#27;[0m Responding to client with driver.getCurrentContext() result: "NATIVE_APP"
&amp#27;[38;5;133m[c458da4b]&amp#27;[0m&amp#27;[38;5;86m[HTTP]&amp#27;[0m <-- GET /session/c458da4b-f9dd-421c-9d7d-954b962286de/context 200 2 ms - 22 
&amp#27;[38;5;133m[c458da4b]&amp#27;[0m&amp#27;[38;5;86m[HTTP]&amp#27;[0m &amp#27;[37m-->&amp#27;[39m &amp#27;[37mPOST&amp#27;[39m &amp#27;[37m/session/c458da4b-f9dd-421c-9d7d-954b962286de/element&amp#27;[39m {"value":"com.androidsample.generalstore:id/appbar_btn_cart","using":"id"}
&amp#27;[38;5;133m[c458da4b]&amp#27;[0m&amp#27;[38;5;7m[AndroidUiautomator2Driver@8c9f]&amp#27;[0m Calling AppiumDriver.findElement() with args: ["id","com.androidsample.generalstore:id/appbar_btn_cart","c458da4b-f9dd-421c-9d7d-954b962286de"]
&amp#27;[38;5;133m[c458da4b]&amp#27;[0m&amp#27;[38;5;7m[AndroidUiautomator2Driver@8c9f]&amp#27;[0m Valid locator strategies for this request: xpath, id, class name, accessibility id, css selector, -android uiautomator
&amp#27;[38;5;133m[c458da4b]&amp#27;[0m&amp#27;[38;5;7m[AndroidUiautomator2Driver@8c9f]&amp#27;[0m Waiting up to 10000 ms for condition
&amp#27;[38;5;133m[c458da4b]&amp#27;[0m&amp#27;[38;5;7m[AndroidUiautomator2Driver@8c9f]&amp#27;[0m Matched '/element' to command name 'findElement'
&amp#27;[38;5;133m[c458da4b]&amp#27;[0m&amp#27;[38;5;7m[AndroidUiautomator2Driver@8c9f]&amp#27;[0m Proxying [POST /element] to [POST http://127.0.0.1:8200/session/6a8d0aaf-bded-4eb1-841c-897e03ad58b5/element] with body: {"strategy":"id","selector":"com.androidsample.generalstore:id/appbar_btn_cart","context":"","multiple":false}
[...]
&amp#27;[38;5;133m[c458da4b]&amp#27;[0m&amp#27;[38;5;7m[AndroidUiautomator2Driver@8c9f]&amp#27;[0m Responding to client with driver.findElement() result: {"element-6066-11e4-a52e-4f735466cecf":"00000000-0000-016c-ffff-ffff0000007a","ELEMENT":"00000000-0000-016c-ffff-ffff0000007a"}
&amp#27;[38;5;133m[c458da4b]&amp#27;[0m&amp#27;[38;5;86m[HTTP]&amp#27;[0m <-- POST /session/c458da4b-f9dd-421c-9d7d-954b962286de/element 200 8 ms - 137 
&amp#27;[38;5;133m[c458da4b]&amp#27;[0m&amp#27;[38;5;86m[HTTP]&amp#27;[0m &amp#27;[37m-->&amp#27;[39m &amp#27;[37mGET&amp#27;[39m &amp#27;[37m/session/c458da4b-f9dd-421c-9d7d-954b962286de/element/00000000-0000-016c-ffff-ffff0000007a/text&amp#27;[39m {}
&amp#27;[38;5;133m[c458da4b]&amp#27;[0m&amp#27;[38;5;7m[AndroidUiautomator2Driver@8c9f]&amp#27;[0m Driver proxy active, passing request on via HTTP proxy
&amp#27;[38;5;133m[c458da4b]&amp#27;[0m&amp#27;[38;5;7m[AndroidUiautomator2Driver@8c9f]&amp#27;[0m Matched '/session/c458da4b-f9dd-421c-9d7d-954b962286de/element/00000000-0000-016c-ffff-ffff0000007a/text' to command name 'getText'
&amp#27;[38;5;133m[c458da4b]&amp#27;[0m&amp#27;[38;5;7m[AndroidUiautomator2Driver@8c9f]&amp#27;[0m Proxying [GET /session/c458da4b-f9dd-421c-9d7d-954b962286de/element/00000000-0000-016c-ffff-ffff0000007a/text] to [GET http://127.0.0.1:8200/session/6a8d0aaf-bded-4eb1-841c-897e03ad58b5/element/00000000-0000-016c-ffff-ffff0000007a/text] with no body
&amp#27;[38;5;133m[c458da4b]&amp#27;[0m&amp#27;[38;5;7m[AndroidUiautomator2Driver@8c9f]&amp#27;[0m Got response with status 200: {"sessionId":"6a8d0aaf-bded-4eb1-841c-897e03ad58b5","value":"$ 280.97"}
&amp#27;[38;5;133m[c458da4b]&amp#27;[0m&amp#27;[38;5;7m[AndroidUiautomator2Driver@8c9f]&amp#27;[0m Replacing sessionId 6a8d0aaf-bded-4eb1-841c-897e03ad58b5 with c458da4b-f9dd-421c-9d7d-954b962286de
&amp#27;[38;5;133m[c458da4b]&amp#27;[0m&amp#27;[38;5;86m[HTTP]&amp#27;[0m <-- GET /session/c458da4b-f9dd-421c-9d7d-954b962286de/element/00000000-0000-016c-ffff-ffff0000007a/text 200 6 ms - 71 
&amp#27;[38;5;133m[c458da4b]&amp#27;[0m&amp#27;[38;5;86m[HTTP]&amp#27;[0m &amp#27;[37m-->&amp#27;[39m &amp#27;[37mGET&amp#27;[39m &amp#27;[37m/session/c458da4b-f9dd-421c-9d7d-954b962286de/context&amp#27;[39m {}
&amp#27;[38;5;133m[c458da4b]&amp#27;[0m&amp#27;[38;5;7m[AndroidUiautomator2Driver@8c9f]&amp#27;[0m Calling AppiumDriver.getCurrentContext() with args: ["c458da4b-f9dd-421c-9d7d-954b962286de"]
&amp#27;[38;5;133m[c458da4b]&amp#27;[0m&amp#27;[38;5;7m[AndroidUiautomator2Driver@8c9f]&amp#27;[0m Responding to client with driver.getCurrentContext() result: "NATIVE_APP"
&amp#27;[38;5;133m[c458da4b]&amp#27;[0m&amp#27;[38;5;86m[HTTP]&amp#27;[0m <-- GET /session/c458da4b-f9dd-421c-9d7d-954b962286de/context 200 0 ms - 22 
&amp#27;[38;5;133m[c458da4b]&amp#27;[0m&amp#27;[38;5;86m[HTTP]&amp#27;[0m &amp#27;[37m-->&amp#27;[39m &amp#27;[37mPOST&amp#27;[39m &amp#27;[37m/session/c458da4b-f9dd-421c-9d7d-954b962286de/element&amp#27;[39m {"value":"com.androidsample.generalstore:id/termsButton","using":"id"}
&amp#27;[38;5;133m[c458da4b]&amp#27;[0m&amp#27;[38;5;7m[AndroidUiautomator2Driver@8c9f]&amp#27;[0m Calling AppiumDriver.findElement() with args: ["id","com.androidsample.generalstore:id/termsButton","c458da4b-f9dd-421c-9d7d-954b962286de"]
&amp#27;[38;5;133m[c458da4b]&amp#27;[0m&amp#27;[38;5;7m[AndroidUiautomator2Driver@8c9f]&amp#27;[0m Valid locator strategies for this request: xpath, id, class name, accessibility id, css selector, -android uiautomator
&amp#27;[38;5;133m[c458da4b]&amp#27;[0m&amp#27;[38;5;7m[AndroidUiautomator2Driver@8c9f]&amp#27;[0m Waiting up to 10000 ms for condition
&amp#27;[38;5;133m[c458da4b]&amp#27;[0m&amp#27;[38;5;7m[AndroidUiautomator2Driver@8c9f]&amp#27;[0m Matched '/element' to command name 'findElement'
&amp#27;[38;5;133m[c458da4b]&amp#27;[0m&amp#27;[38;5;7m[AndroidUiautomator2Driver@8c9f]&amp#27;[0m Proxying [POST /element] to [POST http://127.0.0.1:8200/session/6a8d0aaf-bded-4eb1-841c-897e03ad58b5/element] with body: {"strategy":"id","selector":"com.androidsample.generalstore:id/termsButton","context":"","multiple":false}
&amp#27;[38;5;133m[c458da4b]&amp#27;[0m&amp#27;[38;5;7m[AndroidUiautomator2Driver@8c9f]&amp#27;[0m Got response with status 200: {"sessionId":"6a8d0aaf-bded-4eb1-841c-897e03ad58b5","value":{"ELEMENT":"00000000-0000-016c-ffff-ffff0000007d","element-6066-11e4-a52e-4f735466cecf":"00000000-0000-016c-ffff-ffff0000007d"}}
&amp#27;[38;5;133m[c458da4b]&amp#27;[0m&amp#27;[38;5;7m[AndroidUiautomator2Driver@8c9f]&amp#27;[0m Responding to client with driver.findElement() result: {"element-6066-11e4-a52e-4f735466cecf":"00000000-0000-016c-ffff-ffff0000007d","ELEMENT":"00000000-0000-016c-ffff-ffff0000007d"}
&amp#27;[38;5;133m[c458da4b]&amp#27;[0m&amp#27;[38;5;86m[HTTP]&amp#27;[0m <-- POST /session/c458da4b-f9dd-421c-9d7d-954b962286de/element 200 11 ms - 137 
&amp#27;[38;5;133m[c458da4b]&amp#27;[0m&amp#27;[38;5;86m[HTTP]&amp#27;[0m &amp#27;[37m-->&amp#27;[39m &amp#27;[37mPOST&amp#27;[39m &amp#27;[37m/session/c458da4b-f9dd-421c-9d7d-954b962286de/execute/sync&amp#27;[39m {"args":[{"elementId":"00000000-0000-016c-ffff-ffff0000007d","duration":2000}],"script":"mobile: longClickGesture"}
&amp#27;[38;5;133m[c458da4b]&amp#27;[0m&amp#27;[38;5;7m[AndroidUiautomator2Driver@8c9f]&amp#27;[0m Calling AppiumDriver.execute() with args: ["mobile: longClickGesture",[{"elementId":"00000000-0000-016c-ffff-ffff0000007d","duration":2000}],"c458da4b-f9dd-421c-9d7d-954b962286de"]
&amp#27;[38;5;133m[c458da4b]&amp#27;[0m&amp#27;[38;5;7m[AndroidUiautomator2Driver@8c9f]&amp#27;[0m Proxying [POST /appium/gestures/long_click] to [POST http://127.0.0.1:8200/session/6a8d0aaf-bded-4eb1-841c-897e03ad58b5/appium/gestures/long_click] with body: {"origin":{"ELEMENT":"00000000-0000-016c-ffff-ffff0000007d","element-6066-11e4-a52e-4f735466cecf":"00000000-0000-016c-ffff-ffff0000007d"},"duration":2000}
&amp#27;[38;5;133m[c458da4b]&amp#27;[0m&amp#27;[38;5;7m[AndroidUiautomator2Driver@8c9f]&amp#27;[0m Got response with status 200: {"sessionId":"6a8d0aaf-bded-4eb1-841c-897e03ad58b5","value":null}
&amp#27;[38;5;133m[c458da4b]&amp#27;[0m&amp#27;[38;5;7m[AndroidUiautomator2Driver@8c9f]&amp#27;[0m Responding to client with driver.execute() result: null
&amp#27;[38;5;133m[c458da4b]&amp#27;[0m&amp#27;[38;5;86m[HTTP]&amp#27;[0m <-- POST /session/c458da4b-f9dd-421c-9d7d-954b962286de/execute/sync 200 2644 ms - 14 
&amp#27;[38;5;133m[c458da4b]&amp#27;[0m&amp#27;[38;5;86m[HTTP]&amp#27;[0m &amp#27;[37m-->&amp#27;[39m &amp#27;[37mGET&amp#27;[39m &amp#27;[37m/session/c458da4b-f9dd-421c-9d7d-954b962286de/context&amp#27;[39m {}
&amp#27;[38;5;133m[c458da4b]&amp#27;[0m&amp#27;[38;5;7m[AndroidUiautomator2Driver@8c9f]&amp#27;[0m Calling AppiumDriver.getCurrentContext() with args: ["c458da4b-f9dd-421c-9d7d-954b962286de"]
&amp#27;[38;5;133m[c458da4b]&amp#27;[0m&amp#27;[38;5;7m[AndroidUiautomator2Driver@8c9f]&amp#27;[0m Responding to client with driver.getCurrentContext() result: "NATIVE_APP"
&amp#27;[38;5;133m[c458da4b]&amp#27;[0m&amp#27;[38;5;86m[HTTP]&amp#27;[0m <-- GET /session/c458da4b-f9dd-421c-9d7d-954b962286de/context 200 2 ms - 22 
&amp#27;[38;5;133m[c458da4b]&amp#27;[0m&amp#27;[38;5;86m[HTTP]&amp#27;[0m &amp#27;[37m-->&amp#27;[39m &amp#27;[37mPOST&amp#27;[39m &amp#27;[37m/session/c458da4b-f9dd-421c-9d7d-954b962286de/element&amp#27;[39m {"value":"android:id/button1","using":"id"}
&amp#27;[38;5;133m[c458da4b]&amp#27;[0m&amp#27;[38;5;7m[AndroidUiautomator2Driver@8c9f]&amp#27;[0m Calling AppiumDriver.findElement() with args: ["id","android:id/button1","c458da4b-f9dd-421c-9d7d-954b962286de"]
&amp#27;[38;5;133m[c458da4b]&amp#27;[0m&amp#27;[38;5;7m[AndroidUiautomator2Driver@8c9f]&amp#27;[0m Valid locator strategies for this request: xpath, id, class name, accessibility id, css selector, -android uiautomator
&amp#27;[38;5;133m[c458da4b]&amp#27;[0m&amp#27;[38;5;7m[AndroidUiautomator2Driver@8c9f]&amp#27;[0m Waiting up to 10000 ms for condition
&amp#27;[38;5;133m[c458da4b]&amp#27;[0m&amp#27;[38;5;7m[AndroidUiautomator2Driver@8c9f]&amp#27;[0m Matched '/element' to command name 'findElement'
&amp#27;[38;5;133m[c458da4b]&amp#27;[0m&amp#27;[38;5;7m[AndroidUiautomator2Driver@8c9f]&amp#27;[0m Proxying [POST /element] to [POST http://127.0.0.1:8200/session/6a8d0aaf-bded-4eb1-841c-897e03ad58b5/element] with body: {"strategy":"id","selector":"android:id/button1","context":"","multiple":false}
&amp#27;[38;5;133m[c458da4b]&amp#27;[0m&amp#27;[38;5;7m[AndroidUiautomator2Driver@8c9f]&amp#27;[0m Got response with status 200: {"sessionId":"6a8d0aaf-bded-4eb1-841c-897e03ad58b5","value":{"ELEMENT":"00000000-0000-016d-ffff-ffff000000a9","element-6066-11e4-a52e-4f735466cecf":"00000000-0000-016d-ffff-ffff000000a9"}}
&amp#27;[38;5;133m[c458da4b]&amp#27;[0m&amp#27;[38;5;7m[AndroidUiautomator2Driver@8c9f]&amp#27;[0m Responding to client with driver.findElement() result: {"element-6066-11e4-a52e-4f735466cecf":"00000000-0000-016d-ffff-ffff000000a9","ELEMENT":"00000000-0000-016d-ffff-ffff000000a9"}
&amp#27;[38;5;133m[c458da4b]&amp#27;[0m&amp#27;[38;5;86m[HTTP]&amp#27;[0m <-- POST /session/c458da4b-f9dd-421c-9d7d-954b962286de/element 200 30 ms - 137 
&amp#27;[38;5;133m[c458da4b]&amp#27;[0m&amp#27;[38;5;86m[HTTP]&amp#27;[0m &amp#27;[37m-->&amp#27;[39m &amp#27;[37mPOST&amp#27;[39m &amp#27;[37m/session/c458da4b-f9dd-421c-9d7d-954b962286de/element/00000000-0000-016d-ffff-ffff000000a9/click&amp#27;[39m {"id":"00000000-0000-016d-ffff-ffff000000a9"}
&amp#27;[38;5;133m[c458da4b]&amp#27;[0m&amp#27;[38;5;7m[AndroidUiautomator2Driver@8c9f]&amp#27;[0m Calling AppiumDriver.click() with args: ["00000000-0000-016d-ffff-ffff000000a9","c458da4b-f9dd-421c-9d7d-954b962286de"]
&amp#27;[38;5;133m[c458da4b]&amp#27;[0m&amp#27;[38;5;7m[AndroidUiautomator2Driver@8c9f]&amp#27;[0m Matched '/element/00000000-0000-016d-ffff-ffff000000a9/click' to command name 'click'
&amp#27;[38;5;133m[c458da4b]&amp#27;[0m&amp#27;[38;5;7m[AndroidUiautomator2Driver@8c9f]&amp#27;[0m Proxying [POST /element/00000000-0000-016d-ffff-ffff000000a9/click] to [POST http://127.0.0.1:8200/session/6a8d0aaf-bded-4eb1-841c-897e03ad58b5/element/00000000-0000-016d-ffff-ffff000000a9/click] with body: {"element":"00000000-0000-016d-ffff-ffff000000a9"}
&amp#27;[38;5;133m[c458da4b]&amp#27;[0m&amp#27;[38;5;7m[AndroidUiautomator2Driver@8c9f]&amp#27;[0m Got response with status 200: {"sessionId":"6a8d0aaf-bded-4eb1-841c-897e03ad58b5","value":null}
&amp#27;[38;5;133m[c458da4b]&amp#27;[0m&amp#27;[38;5;7m[AndroidUiautomator2Driver@8c9f]&amp#27;[0m Responding to client with driver.click() result: null
&amp#27;[38;5;133m[c458da4b]&amp#27;[0m&amp#27;[38;5;86m[HTTP]&amp#27;[0m <-- POST /session/c458da4b-f9dd-421c-9d7d-954b962286de/element/00000000-0000-016d-ffff-ffff000000a9/click 200 86 ms - 14 
&amp#27;[38;5;133m[c458da4b]&amp#27;[0m&amp#27;[38;5;86m[HTTP]&amp#27;[0m &amp#27;[37m-->&amp#27;[39m &amp#27;[37mGET&amp#27;[39m &amp#27;[37m/session/c458da4b-f9dd-421c-9d7d-954b962286de/context&amp#27;[39m {}
&amp#27;[38;5;133m[c458da4b]&amp#27;[0m&amp#27;[38;5;7m[AndroidUiautomator2Driver@8c9f]&amp#27;[0m Calling AppiumDriver.getCurrentContext() with args: ["c458da4b-f9dd-421c-9d7d-954b962286de"]
&amp#27;[38;5;133m[c458da4b]&amp#27;[0m&amp#27;[38;5;7m[AndroidUiautomator2Driver@8c9f]&amp#27;[0m Responding to client with driver.getCurrentContext() result: "NATIVE_APP"
&amp#27;[38;5;133m[c458da4b]&amp#27;[0m&amp#27;[38;5;86m[HTTP]&amp#27;[0m <-- GET /session/c458da4b-f9dd-421c-9d7d-954b962286de/context 200 1 ms - 22 
&amp#27;[38;5;133m[c458da4b]&amp#27;[0m&amp#27;[38;5;86m[HTTP]&amp#27;[0m &amp#27;[37m-->&amp#27;[39m &amp#27;[37mPOST&amp#27;[39m &amp#27;[37m/session/c458da4b-f9dd-421c-9d7d-954b962286de/element&amp#27;[39m {"value":"android.widget.CheckBox","using":"class name"}
&amp#27;[38;5;133m[c458da4b]&amp#27;[0m&amp#27;[38;5;7m[AndroidUiautomator2Driver@8c9f]&amp#27;[0m Calling AppiumDriver.findElement() with args: ["class name","android.widget.CheckBox","c458da4b-f9dd-421c-9d7d-954b962286de"]
&amp#27;[38;5;133m[c458da4b]&amp#27;[0m&amp#27;[38;5;7m[AndroidUiautomator2Driver@8c9f]&amp#27;[0m Valid locator strategies for this request: xpath, id, class name, accessibility id, css selector, -android uiautomator
&amp#27;[38;5;133m[c458da4b]&amp#27;[0m&amp#27;[38;5;7m[AndroidUiautomator2Driver@8c9f]&amp#27;[0m Waiting up to 10000 ms for condition
&amp#27;[38;5;133m[c458da4b]&amp#27;[0m&amp#27;[38;5;7m[AndroidUiautomator2Driver@8c9f]&amp#27;[0m Matched '/element' to command name 'findElement'
&amp#27;[38;5;133m[c458da4b]&amp#27;[0m&amp#27;[38;5;7m[AndroidUiautomator2Driver@8c9f]&amp#27;[0m Proxying [POST /element] to [POST http://127.0.0.1:8200/session/6a8d0aaf-bded-4eb1-841c-897e03ad58b5/element] with body: {"strategy":"class name","selector":"android.widget.CheckBox","context":"","multiple":false}
&amp#27;[38;5;133m[c458da4b]&amp#27;[0m&amp#27;[38;5;7m[AndroidUiautomator2Driver@8c9f]&amp#27;[0m Got response with status 200: {"sessionId":"6a8d0aaf-bded-4eb1-841c-897e03ad58b5","value":{"ELEMENT":"00000000-0000-016c-ffff-ffff0000007b","element-6066-11e4-a52e-4f735466cecf":"00000000-0000-016c-ffff-ffff0000007b"}}
&amp#27;[38;5;133m[c458da4b]&amp#27;[0m&amp#27;[38;5;7m[AndroidUiautomator2Driver@8c9f]&amp#27;[0m Responding to client with driver.findElement() result: {"element-6066-11e4-a52e-4f735466cecf":"00000000-0000-016c-ffff-ffff0000007b","ELEMENT":"00000000-0000-016c-ffff-ffff0000007b"}
&amp#27;[38;5;133m[c458da4b]&amp#27;[0m&amp#27;[38;5;86m[HTTP]&amp#27;[0m <-- POST /session/c458da4b-f9dd-421c-9d7d-954b962286de/element 200 541 ms - 137 
&amp#27;[38;5;133m[c458da4b]&amp#27;[0m&amp#27;[38;5;86m[HTTP]&amp#27;[0m &amp#27;[37m-->&amp#27;[39m &amp#27;[37mPOST&amp#27;[39m &amp#27;[37m/session/c458da4b-f9dd-421c-9d7d-954b962286de/element/00000000-0000-016c-ffff-ffff0000007b/click&amp#27;[39m {"id":"00000000-0000-016c-ffff-ffff0000007b"}
&amp#27;[38;5;133m[c458da4b]&amp#27;[0m&amp#27;[38;5;7m[AndroidUiautomator2Driver@8c9f]&amp#27;[0m Calling AppiumDriver.click() with args: ["00000000-0000-016c-ffff-ffff0000007b","c458da4b-f9dd-421c-9d7d-954b962286de"]
&amp#27;[38;5;133m[c458da4b]&amp#27;[0m&amp#27;[38;5;7m[AndroidUiautomator2Driver@8c9f]&amp#27;[0m Matched '/element/00000000-0000-016c-ffff-ffff0000007b/click' to command name 'click'
&amp#27;[38;5;133m[c458da4b]&amp#27;[0m&amp#27;[38;5;7m[AndroidUiautomator2Driver@8c9f]&amp#27;[0m Proxying [POST /element/00000000-0000-016c-ffff-ffff0000007b/click] to [POST http://127.0.0.1:8200/session/6a8d0aaf-bded-4eb1-841c-897e03ad58b5/element/00000000-0000-016c-ffff-ffff0000007b/click] with body: {"element":"00000000-0000-016c-ffff-ffff0000007b"}
&amp#27;[38;5;133m[c458da4b]&amp#27;[0m&amp#27;[38;5;7m[AndroidUiautomator2Driver@8c9f]&amp#27;[0m Got response with status 200: {"sessionId":"6a8d0aaf-bded-4eb1-841c-897e03ad58b5","value":null}
&amp#27;[38;5;133m[c458da4b]&amp#27;[0m&amp#27;[38;5;7m[AndroidUiautomator2Driver@8c9f]&amp#27;[0m Responding to client with driver.click() result: null
&amp#27;[38;5;133m[c458da4b]&amp#27;[0m&amp#27;[38;5;86m[HTTP]&amp#27;[0m <-- POST /session/c458da4b-f9dd-421c-9d7d-954b962286de/element/00000000-0000-016c-ffff-ffff0000007b/click 200 85 ms - 14 
&amp#27;[38;5;133m[c458da4b]&amp#27;[0m&amp#27;[38;5;86m[HTTP]&amp#27;[0m &amp#27;[37m-->&amp#27;[39m &amp#27;[37mGET&amp#27;[39m &amp#27;[37m/session/c458da4b-f9dd-421c-9d7d-954b962286de/context&amp#27;[39m {}
&amp#27;[38;5;133m[c458da4b]&amp#27;[0m&amp#27;[38;5;7m[AndroidUiautomator2Driver@8c9f]&amp#27;[0m Calling AppiumDriver.getCurrentContext() with args: ["c458da4b-f9dd-421c-9d7d-954b962286de"]
&amp#27;[38;5;133m[c458da4b]&amp#27;[0m&amp#27;[38;5;7m[AndroidUiautomator2Driver@8c9f]&amp#27;[0m Responding to client with driver.getCurrentContext() result: "NATIVE_APP"
&amp#27;[38;5;133m[c458da4b]&amp#27;[0m&amp#27;[38;5;86m[HTTP]&amp#27;[0m <-- GET /session/c458da4b-f9dd-421c-9d7d-954b962286de/context 200 1 ms - 22 
&amp#27;[38;5;133m[c458da4b]&amp#27;[0m&amp#27;[38;5;86m[HTTP]&amp#27;[0m &amp#27;[37m-->&amp#27;[39m &amp#27;[37mPOST&amp#27;[39m &amp#27;[37m/session/c458da4b-f9dd-421c-9d7d-954b962286de/element&amp#27;[39m {"value":"com.androidsample.generalstore:id/btnProceed","using":"id"}
&amp#27;[38;5;133m[c458da4b]&amp#27;[0m&amp#27;[38;5;7m[AndroidUiautomator2Driver@8c9f]&amp#27;[0m Calling AppiumDriver.findElement() with args: ["id","com.androidsample.generalstore:id/btnProceed","c458da4b-f9dd-421c-9d7d-954b962286de"]
&amp#27;[38;5;133m[c458da4b]&amp#27;[0m&amp#27;[38;5;7m[AndroidUiautomator2Driver@8c9f]&amp#27;[0m Valid locator strategies for this request: xpath, id, class name, accessibility id, css selector, -android uiautomator
&amp#27;[38;5;133m[c458da4b]&amp#27;[0m&amp#27;[38;5;7m[AndroidUiautomator2Driver@8c9f]&amp#27;[0m Waiting up to 10000 ms for condition
&amp#27;[38;5;133m[c458da4b]&amp#27;[0m&amp#27;[38;5;7m[AndroidUiautomator2Driver@8c9f]&amp#27;[0m Matched '/element' to command name 'findElement'
&amp#27;[38;5;133m[c458da4b]&amp#27;[0m&amp#27;[38;5;7m[AndroidUiautomator2Driver@8c9f]&amp#27;[0m Proxying [POST /element] to [POST http://127.0.0.1:8200/session/6a8d0aaf-bded-4eb1-841c-897e03ad58b5/element] with body: {"strategy":"id","selector":"com.androidsample.generalstore:id/btnProceed","context":"","multiple":false}
&amp#27;[38;5;133m[c458da4b]&amp#27;[0m&amp#27;[38;5;7m[AndroidUiautomator2Driver@8c9f]&amp#27;[0m Got response with status 200: {"sessionId":"6a8d0aaf-bded-4eb1-841c-897e03ad58b5","value":{"ELEMENT":"00000000-0000-016c-ffff-ffff0000007c","element-6066-11e4-a52e-4f735466cecf":"00000000-0000-016c-ffff-ffff0000007c"}}
&amp#27;[38;5;133m[c458da4b]&amp#27;[0m&amp#27;[38;5;7m[AndroidUiautomator2Driver@8c9f]&amp#27;[0m Responding to client with driver.findElement() result: {"element-6066-11e4-a52e-4f735466cecf":"00000000-0000-016c-ffff-ffff0000007c","ELEMENT":"00000000-0000-016c-ffff-ffff0000007c"}
&amp#27;[38;5;133m[c458da4b]&amp#27;[0m&amp#27;[38;5;86m[HTTP]&amp#27;[0m <-- POST /session/c458da4b-f9dd-421c-9d7d-954b962286de/element 200 591 ms - 137 
&amp#27;[38;5;133m[c458da4b]&amp#27;[0m&amp#27;[38;5;86m[HTTP]&amp#27;[0m &amp#27;[37m-->&amp#27;[39m &amp#27;[37mPOST&amp#27;[39m &amp#27;[37m/session/c458da4b-f9dd-421c-9d7d-954b962286de/element/00000000-0000-016c-ffff-ffff0000007c/click&amp#27;[39m {"id":"00000000-0000-016c-ffff-ffff0000007c"}
&amp#27;[38;5;133m[c458da4b]&amp#27;[0m&amp#27;[38;5;7m[AndroidUiautomator2Driver@8c9f]&amp#27;[0m Calling AppiumDriver.click() with args: ["00000000-0000-016c-ffff-ffff0000007c","c458da4b-f9dd-421c-9d7d-954b962286de"]
&amp#27;[38;5;133m[c458da4b]&amp#27;[0m&amp#27;[38;5;7m[AndroidUiautomator2Driver@8c9f]&amp#27;[0m Matched '/element/00000000-0000-016c-ffff-ffff0000007c/click' to command name 'click'
&amp#27;[38;5;133m[c458da4b]&amp#27;[0m&amp#27;[38;5;7m[AndroidUiautomator2Driver@8c9f]&amp#27;[0m Proxying [POST /element/00000000-0000-016c-ffff-ffff0000007c/click] to [POST http://127.0.0.1:8200/session/6a8d0aaf-bded-4eb1-841c-897e03ad58b5/element/00000000-0000-016c-ffff-ffff0000007c/click] with body: {"element":"00000000-0000-016c-ffff-ffff0000007c"}
&amp#27;[38;5;133m[c458da4b]&amp#27;[0m&amp#27;[38;5;7m[AndroidUiautomator2Driver@8c9f]&amp#27;[0m Got response with status 200: {"sessionId":"6a8d0aaf-bded-4eb1-841c-897e03ad58b5","value":null}
&amp#27;[38;5;133m[c458da4b]&amp#27;[0m&amp#27;[38;5;7m[AndroidUiautomator2Driver@8c9f]&amp#27;[0m Responding to client with driver.click() result: null
&amp#27;[38;5;133m[c458da4b]&amp#27;[0m&amp#27;[38;5;86m[HTTP]&amp#27;[0m <-- POST /session/c458da4b-f9dd-421c-9d7d-954b962286de/element/00000000-0000-016c-ffff-ffff0000007c/click 200 42 ms - 14 
]]></system-out>
    <system-err><![CDATA[SLF4J(W): No SLF4J providers were found.
SLF4J(W): Defaulting to no-operation (NOP) logger implementation
SLF4J(W): See https://www.slf4j.org/codes.html#noProviders for further details.
]]></system-err>
  </testcase>
</testsuite>