<?xml version="1.0" encoding="UTF-8"?>
<testng-results ignored="0" total="1" passed="1" failed="0" skipped="0">
  <reporter-output>
  </reporter-output>
  <suite started-at="2025-03-08T16:52:54 IST" name="Suite" finished-at="2025-03-08T16:53:20 IST" duration-ms="25648">
    <groups>
      <group name="Smoke">
        <method signature="EcommerceHybrid.FillForm(java.util.HashMap)[pri:0, instance:org.pankajShukla.EcommerceHybrid@7c1e2a9e]" name="FillForm" class="org.pankajShukla.EcommerceHybrid"/>
      </group> <!-- Smoke -->
    </groups>
    <test started-at="2025-03-08T16:52:54 IST" name="End to end Framework Test" finished-at="2025-03-08T16:53:20 IST" duration-ms="25648">
      <class name="org.pankajShukla.EcommerceHybrid">
        <test-method is-config="true" signature="ConfigureAppium()[pri:0, instance:org.pankajShukla.EcommerceHybrid@7c1e2a9e]" started-at="2025-03-08T16:52:54 IST" name="ConfigureAppium" finished-at="2025-03-08T16:53:00 IST" duration-ms="5695" status="PASS">
          <reporter-output>
          </reporter-output>
        </test-method> <!-- ConfigureAppium -->
        <test-method signature="FillForm(java.util.HashMap)[pri:0, instance:org.pankajShukla.EcommerceHybrid@7c1e2a9e]" started-at="2025-03-08T16:53:00 IST" name="FillForm" data-provider="getData" finished-at="2025-03-08T16:53:19 IST" duration-ms="19685" status="PASS">
          <params>
            <param index="0">
              <value>
                <![CDATA[{gender=Female, name=Pankaj Shukla, country=Argentina}]]>
              </value>
            </param>
          </params>
          <reporter-output>
          </reporter-output>
        </test-method> <!-- FillForm -->
        <test-method is-config="true" signature="preSetup()[pri:0, instance:org.pankajShukla.EcommerceHybrid@7c1e2a9e]" started-at="2025-03-08T16:53:00 IST" name="preSetup" finished-at="2025-03-08T16:53:00 IST" duration-ms="0" status="PASS">
          <reporter-output>
          </reporter-output>
        </test-method> <!-- preSetup -->
        <test-method is-config="true" signature="tearDown()[pri:0, instance:org.pankajShukla.EcommerceHybrid@7c1e2a9e]" started-at="2025-03-08T16:53:19 IST" name="tearDown" finished-at="2025-03-08T16:53:20 IST" duration-ms="173" status="PASS">
          <reporter-output>
          </reporter-output>
        </test-method> <!-- tearDown -->
      </class> <!-- org.pankajShukla.EcommerceHybrid -->
    </test> <!-- End to end Framework Test -->
  </suite> <!-- Suite -->
</testng-results>
