<?xml version="1.0" encoding="UTF-8"?>
<!-- Generated by org.testng.reporters.JUnitReportReporter -->
<testsuite hostname="Pankajs-MacBook-Air.local" failures="0" tests="2" name="org.pankajShukla.FillFormValidation" time="23.775" errors="0" timestamp="2025-03-08T16:10:04 IST" skipped="0">
  <testcase classname="org.pankajShukla.FillFormValidation" name="FillForm_ErrorValidation" time="10.122"/>
  <testcase classname="org.pankajShukla.FillFormValidation" name="FillForm_PositiveFlow" time="13.653"/>
</testsuite> <!-- org.pankajShukla.FillFormValidation -->
